mode: set
github.com/openchoreo/community-modules/observability-logs-cloudwatch/main.go:19.13,21.16 2 0
github.com/openchoreo/community-modules/observability-logs-cloudwatch/main.go:21.16,25.3 3 0
github.com/openchoreo/community-modules/observability-logs-cloudwatch/main.go:27.2,52.16 6 0
github.com/openchoreo/community-modules/observability-logs-cloudwatch/main.go:52.16,55.3 2 0
github.com/openchoreo/community-modules/observability-logs-cloudwatch/main.go:59.2,59.52 1 0
github.com/openchoreo/community-modules/observability-logs-cloudwatch/main.go:59.52,62.3 2 0
github.com/openchoreo/community-modules/observability-logs-cloudwatch/main.go:63.2,66.27 3 0
github.com/openchoreo/community-modules/observability-logs-cloudwatch/main.go:66.27,68.3 1 0
github.com/openchoreo/community-modules/observability-logs-cloudwatch/main.go:69.2,69.28 1 0
github.com/openchoreo/community-modules/observability-logs-cloudwatch/main.go:69.28,71.3 1 0
github.com/openchoreo/community-modules/observability-logs-cloudwatch/main.go:72.2,79.12 3 0
github.com/openchoreo/community-modules/observability-logs-cloudwatch/main.go:79.12,80.37 1 0
github.com/openchoreo/community-modules/observability-logs-cloudwatch/main.go:80.37,83.4 2 0
github.com/openchoreo/community-modules/observability-logs-cloudwatch/main.go:86.2,95.42 7 0
github.com/openchoreo/community-modules/observability-logs-cloudwatch/main.go:95.42,98.3 2 0
github.com/openchoreo/community-modules/observability-logs-cloudwatch/main.go:100.2,100.31 1 0
github.com/openchoreo/community-modules/observability-logs-cloudwatch/internal/api/gen/models.gen.go:363.94,367.2 3 0
github.com/openchoreo/community-modules/observability-logs-cloudwatch/internal/api/gen/models.gen.go:370.95,374.2 3 0
github.com/openchoreo/community-modules/observability-logs-cloudwatch/internal/api/gen/models.gen.go:377.96,379.16 2 0
github.com/openchoreo/community-modules/observability-logs-cloudwatch/internal/api/gen/models.gen.go:379.16,381.3 1 0
github.com/openchoreo/community-modules/observability-logs-cloudwatch/internal/api/gen/models.gen.go:383.2,385.12 3 0
github.com/openchoreo/community-modules/observability-logs-cloudwatch/internal/api/gen/models.gen.go:389.92,393.2 3 0
github.com/openchoreo/community-modules/observability-logs-cloudwatch/internal/api/gen/models.gen.go:396.93,400.2 3 0
github.com/openchoreo/community-modules/observability-logs-cloudwatch/internal/api/gen/models.gen.go:403.94,405.16 2 0
github.com/openchoreo/community-modules/observability-logs-cloudwatch/internal/api/gen/models.gen.go:405.16,407.3 1 0
github.com/openchoreo/community-modules/observability-logs-cloudwatch/internal/api/gen/models.gen.go:409.2,411.12 3 0
github.com/openchoreo/community-modules/observability-logs-cloudwatch/internal/api/gen/models.gen.go:414.69,417.2 2 0
github.com/openchoreo/community-modules/observability-logs-cloudwatch/internal/api/gen/models.gen.go:419.70,422.2 2 0
github.com/openchoreo/community-modules/observability-logs-cloudwatch/internal/api/gen/models.gen.go:425.92,429.2 3 0
github.com/openchoreo/community-modules/observability-logs-cloudwatch/internal/api/gen/models.gen.go:432.93,436.2 3 0
github.com/openchoreo/community-modules/observability-logs-cloudwatch/internal/api/gen/models.gen.go:439.94,441.16 2 0
github.com/openchoreo/community-modules/observability-logs-cloudwatch/internal/api/gen/models.gen.go:441.16,443.3 1 0
github.com/openchoreo/community-modules/observability-logs-cloudwatch/internal/api/gen/models.gen.go:445.2,447.12 3 0
github.com/openchoreo/community-modules/observability-logs-cloudwatch/internal/api/gen/models.gen.go:451.92,455.2 3 0
github.com/openchoreo/community-modules/observability-logs-cloudwatch/internal/api/gen/models.gen.go:458.93,462.2 3 0
github.com/openchoreo/community-modules/observability-logs-cloudwatch/internal/api/gen/models.gen.go:465.94,467.16 2 0
github.com/openchoreo/community-modules/observability-logs-cloudwatch/internal/api/gen/models.gen.go:467.16,469.3 1 0
github.com/openchoreo/community-modules/observability-logs-cloudwatch/internal/api/gen/models.gen.go:471.2,473.12 3 0
github.com/openchoreo/community-modules/observability-logs-cloudwatch/internal/api/gen/models.gen.go:476.63,479.2 2 0
github.com/openchoreo/community-modules/observability-logs-cloudwatch/internal/api/gen/models.gen.go:481.64,484.2 2 0
github.com/openchoreo/community-modules/observability-logs-cloudwatch/internal/api/gen/server.gen.go:60.86,62.88 1 0
github.com/openchoreo/community-modules/observability-logs-cloudwatch/internal/api/gen/server.gen.go:62.88,64.3 1 0
github.com/openchoreo/community-modules/observability-logs-cloudwatch/internal/api/gen/server.gen.go:66.2,66.52 1 0
github.com/openchoreo/community-modules/observability-logs-cloudwatch/internal/api/gen/server.gen.go:66.52,68.3 1 0
github.com/openchoreo/community-modules/observability-logs-cloudwatch/internal/api/gen/server.gen.go:70.2,70.25 1 0
github.com/openchoreo/community-modules/observability-logs-cloudwatch/internal/api/gen/server.gen.go:74.92,76.88 1 0
github.com/openchoreo/community-modules/observability-logs-cloudwatch/internal/api/gen/server.gen.go:76.88,78.3 1 0
github.com/openchoreo/community-modules/observability-logs-cloudwatch/internal/api/gen/server.gen.go:80.2,80.52 1 0
github.com/openchoreo/community-modules/observability-logs-cloudwatch/internal/api/gen/server.gen.go:80.52,82.3 1 0
github.com/openchoreo/community-modules/observability-logs-cloudwatch/internal/api/gen/server.gen.go:84.2,84.25 1 0
github.com/openchoreo/community-modules/observability-logs-cloudwatch/internal/api/gen/server.gen.go:88.92,96.16 4 0
github.com/openchoreo/community-modules/observability-logs-cloudwatch/internal/api/gen/server.gen.go:96.16,99.3 2 0
github.com/openchoreo/community-modules/observability-logs-cloudwatch/internal/api/gen/server.gen.go:101.2,101.88 1 0
github.com/openchoreo/community-modules/observability-logs-cloudwatch/internal/api/gen/server.gen.go:101.88,103.3 1 0
github.com/openchoreo/community-modules/observability-logs-cloudwatch/internal/api/gen/server.gen.go:105.2,105.52 1 0
github.com/openchoreo/community-modules/observability-logs-cloudwatch/internal/api/gen/server.gen.go:105.52,107.3 1 0
github.com/openchoreo/community-modules/observability-logs-cloudwatch/internal/api/gen/server.gen.go:109.2,109.25 1 0
github.com/openchoreo/community-modules/observability-logs-cloudwatch/internal/api/gen/server.gen.go:113.89,121.16 4 0
github.com/openchoreo/community-modules/observability-logs-cloudwatch/internal/api/gen/server.gen.go:121.16,124.3 2 0
github.com/openchoreo/community-modules/observability-logs-cloudwatch/internal/api/gen/server.gen.go:126.2,126.88 1 0
github.com/openchoreo/community-modules/observability-logs-cloudwatch/internal/api/gen/server.gen.go:126.88,128.3 1 0
github.com/openchoreo/community-modules/observability-logs-cloudwatch/internal/api/gen/server.gen.go:130.2,130.52 1 0
github.com/openchoreo/community-modules/observability-logs-cloudwatch/internal/api/gen/server.gen.go:130.52,132.3 1 0
github.com/openchoreo/community-modules/observability-logs-cloudwatch/internal/api/gen/server.gen.go:134.2,134.25 1 0
github.com/openchoreo/community-modules/observability-logs-cloudwatch/internal/api/gen/server.gen.go:138.92,146.16 4 0
github.com/openchoreo/community-modules/observability-logs-cloudwatch/internal/api/gen/server.gen.go:146.16,149.3 2 0
github.com/openchoreo/community-modules/observability-logs-cloudwatch/internal/api/gen/server.gen.go:151.2,151.88 1 0
github.com/openchoreo/community-modules/observability-logs-cloudwatch/internal/api/gen/server.gen.go:151.88,153.3 1 0
github.com/openchoreo/community-modules/observability-logs-cloudwatch/internal/api/gen/server.gen.go:155.2,155.52 1 0
github.com/openchoreo/community-modules/observability-logs-cloudwatch/internal/api/gen/server.gen.go:155.52,157.3 1 0
github.com/openchoreo/community-modules/observability-logs-cloudwatch/internal/api/gen/server.gen.go:159.2,159.25 1 0
github.com/openchoreo/community-modules/observability-logs-cloudwatch/internal/api/gen/server.gen.go:163.95,165.88 1 0
github.com/openchoreo/community-modules/observability-logs-cloudwatch/internal/api/gen/server.gen.go:165.88,167.3 1 0
github.com/openchoreo/community-modules/observability-logs-cloudwatch/internal/api/gen/server.gen.go:169.2,169.52 1 0
github.com/openchoreo/community-modules/observability-logs-cloudwatch/internal/api/gen/server.gen.go:169.52,171.3 1 0
github.com/openchoreo/community-modules/observability-logs-cloudwatch/internal/api/gen/server.gen.go:173.2,173.25 1 0
github.com/openchoreo/community-modules/observability-logs-cloudwatch/internal/api/gen/server.gen.go:177.83,179.88 1 0
github.com/openchoreo/community-modules/observability-logs-cloudwatch/internal/api/gen/server.gen.go:179.88,181.3 1 0
github.com/openchoreo/community-modules/observability-logs-cloudwatch/internal/api/gen/server.gen.go:183.2,183.52 1 0
github.com/openchoreo/community-modules/observability-logs-cloudwatch/internal/api/gen/server.gen.go:183.52,185.3 1 0
github.com/openchoreo/community-modules/observability-logs-cloudwatch/internal/api/gen/server.gen.go:187.2,187.25 1 0
github.com/openchoreo/community-modules/observability-logs-cloudwatch/internal/api/gen/server.gen.go:195.52,197.2 1 0
github.com/openchoreo/community-modules/observability-logs-cloudwatch/internal/api/gen/server.gen.go:199.52,201.2 1 0
github.com/openchoreo/community-modules/observability-logs-cloudwatch/internal/api/gen/server.gen.go:208.49,210.2 1 0
github.com/openchoreo/community-modules/observability-logs-cloudwatch/internal/api/gen/server.gen.go:212.49,214.2 1 0
github.com/openchoreo/community-modules/observability-logs-cloudwatch/internal/api/gen/server.gen.go:220.45,222.2 1 0
github.com/openchoreo/community-modules/observability-logs-cloudwatch/internal/api/gen/server.gen.go:229.46,231.2 1 0
github.com/openchoreo/community-modules/observability-logs-cloudwatch/internal/api/gen/server.gen.go:233.46,235.2 1 0
github.com/openchoreo/community-modules/observability-logs-cloudwatch/internal/api/gen/server.gen.go:242.50,244.2 1 0
github.com/openchoreo/community-modules/observability-logs-cloudwatch/internal/api/gen/server.gen.go:246.50,248.2 1 0
github.com/openchoreo/community-modules/observability-logs-cloudwatch/internal/api/gen/server.gen.go:255.53,257.2 1 0
github.com/openchoreo/community-modules/observability-logs-cloudwatch/internal/api/gen/server.gen.go:260.47,262.2 1 0
github.com/openchoreo/community-modules/observability-logs-cloudwatch/internal/api/gen/server.gen.go:278.66,282.2 1 0
github.com/openchoreo/community-modules/observability-logs-cloudwatch/internal/api/gen/server.gen.go:284.93,289.2 1 0
github.com/openchoreo/community-modules/observability-logs-cloudwatch/internal/api/gen/server.gen.go:292.88,295.14 2 0
github.com/openchoreo/community-modules/observability-logs-cloudwatch/internal/api/gen/server.gen.go:295.14,297.3 1 0
github.com/openchoreo/community-modules/observability-logs-cloudwatch/internal/api/gen/server.gen.go:298.2,298.37 1 0
github.com/openchoreo/community-modules/observability-logs-cloudwatch/internal/api/gen/server.gen.go:298.37,299.86 1 0
github.com/openchoreo/community-modules/observability-logs-cloudwatch/internal/api/gen/server.gen.go:299.86,301.4 1 0
github.com/openchoreo/community-modules/observability-logs-cloudwatch/internal/api/gen/server.gen.go:304.2,318.10 9 0
github.com/openchoreo/community-modules/observability-logs-cloudwatch/internal/api/gen/server.gen.go:331.94,336.2 3 0
github.com/openchoreo/community-modules/observability-logs-cloudwatch/internal/api/gen/server.gen.go:340.94,345.2 3 0
github.com/openchoreo/community-modules/observability-logs-cloudwatch/internal/api/gen/server.gen.go:349.94,354.2 3 0
github.com/openchoreo/community-modules/observability-logs-cloudwatch/internal/api/gen/server.gen.go:358.94,363.2 3 0
github.com/openchoreo/community-modules/observability-logs-cloudwatch/internal/api/gen/server.gen.go:367.94,372.2 3 0
github.com/openchoreo/community-modules/observability-logs-cloudwatch/internal/api/gen/server.gen.go:384.106,389.2 3 0
github.com/openchoreo/community-modules/observability-logs-cloudwatch/internal/api/gen/server.gen.go:393.106,398.2 3 0
github.com/openchoreo/community-modules/observability-logs-cloudwatch/internal/api/gen/server.gen.go:402.106,407.2 3 0
github.com/openchoreo/community-modules/observability-logs-cloudwatch/internal/api/gen/server.gen.go:411.106,416.2 3 0
github.com/openchoreo/community-modules/observability-logs-cloudwatch/internal/api/gen/server.gen.go:428.106,433.2 3 0
github.com/openchoreo/community-modules/observability-logs-cloudwatch/internal/api/gen/server.gen.go:437.106,442.2 3 0
github.com/openchoreo/community-modules/observability-logs-cloudwatch/internal/api/gen/server.gen.go:446.106,451.2 3 0
github.com/openchoreo/community-modules/observability-logs-cloudwatch/internal/api/gen/server.gen.go:455.106,460.2 3 0
github.com/openchoreo/community-modules/observability-logs-cloudwatch/internal/api/gen/server.gen.go:472.100,477.2 3 0
github.com/openchoreo/community-modules/observability-logs-cloudwatch/internal/api/gen/server.gen.go:481.100,486.2 3 0
github.com/openchoreo/community-modules/observability-logs-cloudwatch/internal/api/gen/server.gen.go:490.100,495.2 3 0
github.com/openchoreo/community-modules/observability-logs-cloudwatch/internal/api/gen/server.gen.go:499.100,504.2 3 0
github.com/openchoreo/community-modules/observability-logs-cloudwatch/internal/api/gen/server.gen.go:517.106,522.2 3 0
github.com/openchoreo/community-modules/observability-logs-cloudwatch/internal/api/gen/server.gen.go:526.106,531.2 3 0
github.com/openchoreo/community-modules/observability-logs-cloudwatch/internal/api/gen/server.gen.go:535.106,540.2 3 0
github.com/openchoreo/community-modules/observability-logs-cloudwatch/internal/api/gen/server.gen.go:552.112,557.2 3 0
github.com/openchoreo/community-modules/observability-logs-cloudwatch/internal/api/gen/server.gen.go:561.112,566.2 3 0
github.com/openchoreo/community-modules/observability-logs-cloudwatch/internal/api/gen/server.gen.go:570.112,575.2 3 0
github.com/openchoreo/community-modules/observability-logs-cloudwatch/internal/api/gen/server.gen.go:588.88,593.2 3 0
github.com/openchoreo/community-modules/observability-logs-cloudwatch/internal/api/gen/server.gen.go:600.88,605.2 3 0
github.com/openchoreo/community-modules/observability-logs-cloudwatch/internal/api/gen/server.gen.go:640.102,642.84 1 0
github.com/openchoreo/community-modules/observability-logs-cloudwatch/internal/api/gen/server.gen.go:642.84,644.4 1 0
github.com/openchoreo/community-modules/observability-logs-cloudwatch/internal/api/gen/server.gen.go:645.85,647.4 1 0
github.com/openchoreo/community-modules/observability-logs-cloudwatch/internal/api/gen/server.gen.go:651.146,653.2 1 0
github.com/openchoreo/community-modules/observability-logs-cloudwatch/internal/api/gen/server.gen.go:662.76,666.62 3 0
github.com/openchoreo/community-modules/observability-logs-cloudwatch/internal/api/gen/server.gen.go:666.62,669.3 2 0
github.com/openchoreo/community-modules/observability-logs-cloudwatch/internal/api/gen/server.gen.go:670.2,672.121 2 0
github.com/openchoreo/community-modules/observability-logs-cloudwatch/internal/api/gen/server.gen.go:672.121,674.3 1 0
github.com/openchoreo/community-modules/observability-logs-cloudwatch/internal/api/gen/server.gen.go:675.2,675.44 1 0
github.com/openchoreo/community-modules/observability-logs-cloudwatch/internal/api/gen/server.gen.go:675.44,677.3 1 0
github.com/openchoreo/community-modules/observability-logs-cloudwatch/internal/api/gen/server.gen.go:679.2,681.16 2 0
github.com/openchoreo/community-modules/observability-logs-cloudwatch/internal/api/gen/server.gen.go:681.16,683.3 1 0
github.com/openchoreo/community-modules/observability-logs-cloudwatch/internal/api/gen/server.gen.go:683.8,683.72 1 0
github.com/openchoreo/community-modules/observability-logs-cloudwatch/internal/api/gen/server.gen.go:683.72,684.65 1 0
github.com/openchoreo/community-modules/observability-logs-cloudwatch/internal/api/gen/server.gen.go:684.65,686.4 1 0
github.com/openchoreo/community-modules/observability-logs-cloudwatch/internal/api/gen/server.gen.go:687.8,687.28 1 0
github.com/openchoreo/community-modules/observability-logs-cloudwatch/internal/api/gen/server.gen.go:687.28,689.3 1 0
github.com/openchoreo/community-modules/observability-logs-cloudwatch/internal/api/gen/server.gen.go:693.82,697.62 3 0
github.com/openchoreo/community-modules/observability-logs-cloudwatch/internal/api/gen/server.gen.go:697.62,700.3 2 0
github.com/openchoreo/community-modules/observability-logs-cloudwatch/internal/api/gen/server.gen.go:701.2,703.121 2 0
github.com/openchoreo/community-modules/observability-logs-cloudwatch/internal/api/gen/server.gen.go:703.121,705.3 1 0
github.com/openchoreo/community-modules/observability-logs-cloudwatch/internal/api/gen/server.gen.go:706.2,706.44 1 0
github.com/openchoreo/community-modules/observability-logs-cloudwatch/internal/api/gen/server.gen.go:706.44,708.3 1 0
github.com/openchoreo/community-modules/observability-logs-cloudwatch/internal/api/gen/server.gen.go:710.2,712.16 2 0
github.com/openchoreo/community-modules/observability-logs-cloudwatch/internal/api/gen/server.gen.go:712.16,714.3 1 0
github.com/openchoreo/community-modules/observability-logs-cloudwatch/internal/api/gen/server.gen.go:714.8,714.78 1 0
github.com/openchoreo/community-modules/observability-logs-cloudwatch/internal/api/gen/server.gen.go:714.78,715.71 1 0
github.com/openchoreo/community-modules/observability-logs-cloudwatch/internal/api/gen/server.gen.go:715.71,717.4 1 0
github.com/openchoreo/community-modules/observability-logs-cloudwatch/internal/api/gen/server.gen.go:718.8,718.28 1 0
github.com/openchoreo/community-modules/observability-logs-cloudwatch/internal/api/gen/server.gen.go:718.28,720.3 1 0
github.com/openchoreo/community-modules/observability-logs-cloudwatch/internal/api/gen/server.gen.go:724.99,729.121 3 0
github.com/openchoreo/community-modules/observability-logs-cloudwatch/internal/api/gen/server.gen.go:729.121,731.3 1 0
github.com/openchoreo/community-modules/observability-logs-cloudwatch/internal/api/gen/server.gen.go:732.2,732.44 1 0
github.com/openchoreo/community-modules/observability-logs-cloudwatch/internal/api/gen/server.gen.go:732.44,734.3 1 0
github.com/openchoreo/community-modules/observability-logs-cloudwatch/internal/api/gen/server.gen.go:736.2,738.16 2 0
github.com/openchoreo/community-modules/observability-logs-cloudwatch/internal/api/gen/server.gen.go:738.16,740.3 1 0
github.com/openchoreo/community-modules/observability-logs-cloudwatch/internal/api/gen/server.gen.go:740.8,740.78 1 0
github.com/openchoreo/community-modules/observability-logs-cloudwatch/internal/api/gen/server.gen.go:740.78,741.71 1 0
github.com/openchoreo/community-modules/observability-logs-cloudwatch/internal/api/gen/server.gen.go:741.71,743.4 1 0
github.com/openchoreo/community-modules/observability-logs-cloudwatch/internal/api/gen/server.gen.go:744.8,744.28 1 0
github.com/openchoreo/community-modules/observability-logs-cloudwatch/internal/api/gen/server.gen.go:744.28,746.3 1 0
github.com/openchoreo/community-modules/observability-logs-cloudwatch/internal/api/gen/server.gen.go:750.96,755.121 3 0
github.com/openchoreo/community-modules/observability-logs-cloudwatch/internal/api/gen/server.gen.go:755.121,757.3 1 0
github.com/openchoreo/community-modules/observability-logs-cloudwatch/internal/api/gen/server.gen.go:758.2,758.44 1 0
github.com/openchoreo/community-modules/observability-logs-cloudwatch/internal/api/gen/server.gen.go:758.44,760.3 1 0
github.com/openchoreo/community-modules/observability-logs-cloudwatch/internal/api/gen/server.gen.go:762.2,764.16 2 0
github.com/openchoreo/community-modules/observability-logs-cloudwatch/internal/api/gen/server.gen.go:764.16,766.3 1 0
github.com/openchoreo/community-modules/observability-logs-cloudwatch/internal/api/gen/server.gen.go:766.8,766.75 1 0
github.com/openchoreo/community-modules/observability-logs-cloudwatch/internal/api/gen/server.gen.go:766.75,767.68 1 0
github.com/openchoreo/community-modules/observability-logs-cloudwatch/internal/api/gen/server.gen.go:767.68,769.4 1 0
github.com/openchoreo/community-modules/observability-logs-cloudwatch/internal/api/gen/server.gen.go:770.8,770.28 1 0
github.com/openchoreo/community-modules/observability-logs-cloudwatch/internal/api/gen/server.gen.go:770.28,772.3 1 0
github.com/openchoreo/community-modules/observability-logs-cloudwatch/internal/api/gen/server.gen.go:776.99,782.62 4 0
github.com/openchoreo/community-modules/observability-logs-cloudwatch/internal/api/gen/server.gen.go:782.62,785.3 2 0
github.com/openchoreo/community-modules/observability-logs-cloudwatch/internal/api/gen/server.gen.go:786.2,788.121 2 0
github.com/openchoreo/community-modules/observability-logs-cloudwatch/internal/api/gen/server.gen.go:788.121,790.3 1 0
github.com/openchoreo/community-modules/observability-logs-cloudwatch/internal/api/gen/server.gen.go:791.2,791.44 1 0
github.com/openchoreo/community-modules/observability-logs-cloudwatch/internal/api/gen/server.gen.go:791.44,793.3 1 0
github.com/openchoreo/community-modules/observability-logs-cloudwatch/internal/api/gen/server.gen.go:795.2,797.16 2 0
github.com/openchoreo/community-modules/observability-logs-cloudwatch/internal/api/gen/server.gen.go:797.16,799.3 1 0
github.com/openchoreo/community-modules/observability-logs-cloudwatch/internal/api/gen/server.gen.go:799.8,799.78 1 0
github.com/openchoreo/community-modules/observability-logs-cloudwatch/internal/api/gen/server.gen.go:799.78,800.71 1 0
github.com/openchoreo/community-modules/observability-logs-cloudwatch/internal/api/gen/server.gen.go:800.71,802.4 1 0
github.com/openchoreo/community-modules/observability-logs-cloudwatch/internal/api/gen/server.gen.go:803.8,803.28 1 0
github.com/openchoreo/community-modules/observability-logs-cloudwatch/internal/api/gen/server.gen.go:803.28,805.3 1 0
github.com/openchoreo/community-modules/observability-logs-cloudwatch/internal/api/gen/server.gen.go:809.85,813.62 3 0
github.com/openchoreo/community-modules/observability-logs-cloudwatch/internal/api/gen/server.gen.go:813.62,816.3 2 0
github.com/openchoreo/community-modules/observability-logs-cloudwatch/internal/api/gen/server.gen.go:817.2,819.121 2 0
github.com/openchoreo/community-modules/observability-logs-cloudwatch/internal/api/gen/server.gen.go:819.121,821.3 1 0
github.com/openchoreo/community-modules/observability-logs-cloudwatch/internal/api/gen/server.gen.go:822.2,822.44 1 0
github.com/openchoreo/community-modules/observability-logs-cloudwatch/internal/api/gen/server.gen.go:822.44,824.3 1 0
github.com/openchoreo/community-modules/observability-logs-cloudwatch/internal/api/gen/server.gen.go:826.2,828.16 2 0
github.com/openchoreo/community-modules/observability-logs-cloudwatch/internal/api/gen/server.gen.go:828.16,830.3 1 0
github.com/openchoreo/community-modules/observability-logs-cloudwatch/internal/api/gen/server.gen.go:830.8,830.81 1 0
github.com/openchoreo/community-modules/observability-logs-cloudwatch/internal/api/gen/server.gen.go:830.81,831.74 1 0
github.com/openchoreo/community-modules/observability-logs-cloudwatch/internal/api/gen/server.gen.go:831.74,833.4 1 0
github.com/openchoreo/community-modules/observability-logs-cloudwatch/internal/api/gen/server.gen.go:834.8,834.28 1 0
github.com/openchoreo/community-modules/observability-logs-cloudwatch/internal/api/gen/server.gen.go:834.28,836.3 1 0
github.com/openchoreo/community-modules/observability-logs-cloudwatch/internal/api/gen/server.gen.go:840.73,843.121 2 0
github.com/openchoreo/community-modules/observability-logs-cloudwatch/internal/api/gen/server.gen.go:843.121,845.3 1 0
github.com/openchoreo/community-modules/observability-logs-cloudwatch/internal/api/gen/server.gen.go:846.2,846.44 1 0
github.com/openchoreo/community-modules/observability-logs-cloudwatch/internal/api/gen/server.gen.go:846.44,848.3 1 0
github.com/openchoreo/community-modules/observability-logs-cloudwatch/internal/api/gen/server.gen.go:850.2,852.16 2 0
github.com/openchoreo/community-modules/observability-logs-cloudwatch/internal/api/gen/server.gen.go:852.16,854.3 1 0
github.com/openchoreo/community-modules/observability-logs-cloudwatch/internal/api/gen/server.gen.go:854.8,854.69 1 0
github.com/openchoreo/community-modules/observability-logs-cloudwatch/internal/api/gen/server.gen.go:854.69,855.62 1 0
github.com/openchoreo/community-modules/observability-logs-cloudwatch/internal/api/gen/server.gen.go:855.62,857.4 1 0
github.com/openchoreo/community-modules/observability-logs-cloudwatch/internal/api/gen/server.gen.go:858.8,858.28 1 0
github.com/openchoreo/community-modules/observability-logs-cloudwatch/internal/api/gen/server.gen.go:858.28,860.3 1 0
github.com/openchoreo/community-modules/observability-logs-cloudwatch/internal/api/gen/server.gen.go:912.35,914.16 2 0
github.com/openchoreo/community-modules/observability-logs-cloudwatch/internal/api/gen/server.gen.go:914.16,916.3 1 0
github.com/openchoreo/community-modules/observability-logs-cloudwatch/internal/api/gen/server.gen.go:917.2,918.16 2 0
github.com/openchoreo/community-modules/observability-logs-cloudwatch/internal/api/gen/server.gen.go:918.16,920.3 1 0
github.com/openchoreo/community-modules/observability-logs-cloudwatch/internal/api/gen/server.gen.go:921.2,923.16 3 0
github.com/openchoreo/community-modules/observability-logs-cloudwatch/internal/api/gen/server.gen.go:923.16,925.3 1 0
github.com/openchoreo/community-modules/observability-logs-cloudwatch/internal/api/gen/server.gen.go:927.2,927.25 1 0
github.com/openchoreo/community-modules/observability-logs-cloudwatch/internal/api/gen/server.gen.go:933.48,935.32 2 0
github.com/openchoreo/community-modules/observability-logs-cloudwatch/internal/api/gen/server.gen.go:935.32,937.3 1 0
github.com/openchoreo/community-modules/observability-logs-cloudwatch/internal/api/gen/server.gen.go:941.73,943.25 2 0
github.com/openchoreo/community-modules/observability-logs-cloudwatch/internal/api/gen/server.gen.go:943.25,945.3 1 0
github.com/openchoreo/community-modules/observability-logs-cloudwatch/internal/api/gen/server.gen.go:947.2,947.12 1 0
github.com/openchoreo/community-modules/observability-logs-cloudwatch/internal/api/gen/server.gen.go:955.52,960.87 4 0
github.com/openchoreo/community-modules/observability-logs-cloudwatch/internal/api/gen/server.gen.go:960.87,964.10 4 0
github.com/openchoreo/community-modules/observability-logs-cloudwatch/internal/api/gen/server.gen.go:964.10,967.4 2 0
github.com/openchoreo/community-modules/observability-logs-cloudwatch/internal/api/gen/server.gen.go:968.3,968.19 1 0
github.com/openchoreo/community-modules/observability-logs-cloudwatch/internal/api/gen/server.gen.go:970.2,972.16 3 0
github.com/openchoreo/community-modules/observability-logs-cloudwatch/internal/api/gen/server.gen.go:972.16,974.3 1 0
github.com/openchoreo/community-modules/observability-logs-cloudwatch/internal/api/gen/server.gen.go:975.2,976.16 2 0
github.com/openchoreo/community-modules/observability-logs-cloudwatch/internal/api/gen/server.gen.go:976.16,978.3 1 0
github.com/openchoreo/community-modules/observability-logs-cloudwatch/internal/api/gen/server.gen.go:979.2,979.8 1 0
github.com/openchoreo/community-modules/observability-logs-cloudwatch/internal/auth/webhook.go:27.169,28.22 1 1
github.com/openchoreo/community-modules/observability-logs-cloudwatch/internal/auth/webhook.go:28.22,30.3 1 1
github.com/openchoreo/community-modules/observability-logs-cloudwatch/internal/auth/webhook.go:31.2,31.46 1 1
github.com/openchoreo/community-modules/observability-logs-cloudwatch/internal/auth/webhook.go:31.46,32.72 1 1
github.com/openchoreo/community-modules/observability-logs-cloudwatch/internal/auth/webhook.go:32.72,33.64 1 1
github.com/openchoreo/community-modules/observability-logs-cloudwatch/internal/auth/webhook.go:33.64,36.5 2 1
github.com/openchoreo/community-modules/observability-logs-cloudwatch/internal/auth/webhook.go:38.4,40.18 3 1
github.com/openchoreo/community-modules/observability-logs-cloudwatch/internal/auth/webhook.go:40.18,42.32 2 1
github.com/openchoreo/community-modules/observability-logs-cloudwatch/internal/auth/webhook.go:42.32,45.6 2 1
github.com/openchoreo/community-modules/observability-logs-cloudwatch/internal/auth/webhook.go:46.5,47.11 2 0
github.com/openchoreo/community-modules/observability-logs-cloudwatch/internal/auth/webhook.go:49.4,52.61 3 1
github.com/openchoreo/community-modules/observability-logs-cloudwatch/internal/auth/webhook.go:52.61,54.44 2 1
github.com/openchoreo/community-modules/observability-logs-cloudwatch/internal/auth/webhook.go:54.44,61.6 3 1
github.com/openchoreo/community-modules/observability-logs-cloudwatch/internal/auth/webhook.go:62.5,63.11 2 1
github.com/openchoreo/community-modules/observability-logs-cloudwatch/internal/auth/webhook.go:66.4,66.90 1 1
github.com/openchoreo/community-modules/observability-logs-cloudwatch/internal/auth/webhook.go:66.90,72.5 3 1
github.com/openchoreo/community-modules/observability-logs-cloudwatch/internal/auth/webhook.go:74.4,74.24 1 1
github.com/openchoreo/community-modules/observability-logs-cloudwatch/internal/auth/webhook.go:79.46,83.53 2 1
github.com/openchoreo/community-modules/observability-logs-cloudwatch/internal/auth/webhook.go:83.53,85.3 1 0
github.com/openchoreo/community-modules/observability-logs-cloudwatch/internal/auth/webhook.go:86.2,86.25 1 1
github.com/openchoreo/community-modules/observability-logs-cloudwatch/internal/auth/webhook.go:89.48,91.21 2 1
github.com/openchoreo/community-modules/observability-logs-cloudwatch/internal/auth/webhook.go:91.21,93.3 1 1
github.com/openchoreo/community-modules/observability-logs-cloudwatch/internal/auth/webhook.go:94.2,98.72 5 1
github.com/openchoreo/community-modules/observability-logs-cloudwatch/internal/config.go:37.36,46.50 8 1
github.com/openchoreo/community-modules/observability-logs-cloudwatch/internal/config.go:46.50,47.33 1 1
github.com/openchoreo/community-modules/observability-logs-cloudwatch/internal/config.go:48.16,49.30 1 1
github.com/openchoreo/community-modules/observability-logs-cloudwatch/internal/config.go:50.15,51.29 1 1
github.com/openchoreo/community-modules/observability-logs-cloudwatch/internal/config.go:52.26,53.29 1 1
github.com/openchoreo/community-modules/observability-logs-cloudwatch/internal/config.go:54.16,55.30 1 1
github.com/openchoreo/community-modules/observability-logs-cloudwatch/internal/config.go:59.2,59.21 1 1
github.com/openchoreo/community-modules/observability-logs-cloudwatch/internal/config.go:59.21,61.3 1 1
github.com/openchoreo/community-modules/observability-logs-cloudwatch/internal/config.go:62.2,62.23 1 1
github.com/openchoreo/community-modules/observability-logs-cloudwatch/internal/config.go:62.23,64.3 1 1
github.com/openchoreo/community-modules/observability-logs-cloudwatch/internal/config.go:66.2,67.40 2 1
github.com/openchoreo/community-modules/observability-logs-cloudwatch/internal/config.go:67.40,69.3 1 1
github.com/openchoreo/community-modules/observability-logs-cloudwatch/internal/config.go:71.2,72.36 2 1
github.com/openchoreo/community-modules/observability-logs-cloudwatch/internal/config.go:72.36,74.3 1 1
github.com/openchoreo/community-modules/observability-logs-cloudwatch/internal/config.go:76.2,76.52 1 1
github.com/openchoreo/community-modules/observability-logs-cloudwatch/internal/config.go:76.52,78.3 1 1
github.com/openchoreo/community-modules/observability-logs-cloudwatch/internal/config.go:80.2,82.16 3 1
github.com/openchoreo/community-modules/observability-logs-cloudwatch/internal/config.go:82.16,84.3 1 1
github.com/openchoreo/community-modules/observability-logs-cloudwatch/internal/config.go:85.2,86.16 2 1
github.com/openchoreo/community-modules/observability-logs-cloudwatch/internal/config.go:86.16,88.3 1 0
github.com/openchoreo/community-modules/observability-logs-cloudwatch/internal/config.go:89.2,90.16 2 1
github.com/openchoreo/community-modules/observability-logs-cloudwatch/internal/config.go:90.16,92.3 1 0
github.com/openchoreo/community-modules/observability-logs-cloudwatch/internal/config.go:93.2,98.57 6 1
github.com/openchoreo/community-modules/observability-logs-cloudwatch/internal/config.go:98.57,100.3 1 1
github.com/openchoreo/community-modules/observability-logs-cloudwatch/internal/config.go:102.2,119.8 1 1
github.com/openchoreo/community-modules/observability-logs-cloudwatch/internal/config.go:122.52,124.34 2 1
github.com/openchoreo/community-modules/observability-logs-cloudwatch/internal/config.go:124.34,126.3 1 1
github.com/openchoreo/community-modules/observability-logs-cloudwatch/internal/config.go:127.2,129.26 3 1
github.com/openchoreo/community-modules/observability-logs-cloudwatch/internal/config.go:129.26,131.16 2 1
github.com/openchoreo/community-modules/observability-logs-cloudwatch/internal/config.go:131.16,132.12 1 1
github.com/openchoreo/community-modules/observability-logs-cloudwatch/internal/config.go:134.3,134.42 1 1
github.com/openchoreo/community-modules/observability-logs-cloudwatch/internal/config.go:134.42,136.4 1 1
github.com/openchoreo/community-modules/observability-logs-cloudwatch/internal/config.go:137.3,137.25 1 1
github.com/openchoreo/community-modules/observability-logs-cloudwatch/internal/config.go:139.2,139.18 1 1
github.com/openchoreo/community-modules/observability-logs-cloudwatch/internal/config.go:139.18,141.3 1 1
github.com/openchoreo/community-modules/observability-logs-cloudwatch/internal/config.go:142.2,142.17 1 1
github.com/openchoreo/community-modules/observability-logs-cloudwatch/internal/config.go:145.46,146.42 1 1
github.com/openchoreo/community-modules/observability-logs-cloudwatch/internal/config.go:146.42,148.3 1 1
github.com/openchoreo/community-modules/observability-logs-cloudwatch/internal/config.go:149.2,149.21 1 1
github.com/openchoreo/community-modules/observability-logs-cloudwatch/internal/handlers.go:55.74,60.2 1 1
github.com/openchoreo/community-modules/observability-logs-cloudwatch/internal/handlers.go:63.106,65.44 2 1
github.com/openchoreo/community-modules/observability-logs-cloudwatch/internal/handlers.go:65.44,67.3 1 1
github.com/openchoreo/community-modules/observability-logs-cloudwatch/internal/handlers.go:68.2,74.3 1 1
github.com/openchoreo/community-modules/observability-logs-cloudwatch/internal/handlers.go:77.55,78.14 1 1
github.com/openchoreo/community-modules/observability-logs-cloudwatch/internal/handlers.go:78.14,80.3 1 1
github.com/openchoreo/community-modules/observability-logs-cloudwatch/internal/handlers.go:81.2,82.18 2 1
github.com/openchoreo/community-modules/observability-logs-cloudwatch/internal/handlers.go:83.98,84.19 1 1
github.com/openchoreo/community-modules/observability-logs-cloudwatch/internal/handlers.go:85.10,86.15 1 0
github.com/openchoreo/community-modules/observability-logs-cloudwatch/internal/handlers.go:98.110,101.2 2 1
github.com/openchoreo/community-modules/observability-logs-cloudwatch/internal/handlers.go:104.127,105.25 1 1
github.com/openchoreo/community-modules/observability-logs-cloudwatch/internal/handlers.go:105.25,110.3 1 1
github.com/openchoreo/community-modules/observability-logs-cloudwatch/internal/handlers.go:113.2,114.56 2 1
github.com/openchoreo/community-modules/observability-logs-cloudwatch/internal/handlers.go:114.56,115.55 1 1
github.com/openchoreo/community-modules/observability-logs-cloudwatch/internal/handlers.go:115.55,120.4 1 1
github.com/openchoreo/community-modules/observability-logs-cloudwatch/internal/handlers.go:122.3,124.17 3 1
github.com/openchoreo/community-modules/observability-logs-cloudwatch/internal/handlers.go:124.17,134.4 2 1
github.com/openchoreo/community-modules/observability-logs-cloudwatch/internal/handlers.go:136.3,136.80 1 1
github.com/openchoreo/community-modules/observability-logs-cloudwatch/internal/handlers.go:139.2,140.60 2 1
github.com/openchoreo/community-modules/observability-logs-cloudwatch/internal/handlers.go:140.60,145.3 1 1
github.com/openchoreo/community-modules/observability-logs-cloudwatch/internal/handlers.go:147.2,149.16 3 1
github.com/openchoreo/community-modules/observability-logs-cloudwatch/internal/handlers.go:149.16,159.3 2 1
github.com/openchoreo/community-modules/observability-logs-cloudwatch/internal/handlers.go:161.2,161.80 1 1
github.com/openchoreo/community-modules/observability-logs-cloudwatch/internal/handlers.go:165.145,166.25 1 1
github.com/openchoreo/community-modules/observability-logs-cloudwatch/internal/handlers.go:166.25,171.3 1 1
github.com/openchoreo/community-modules/observability-logs-cloudwatch/internal/handlers.go:172.2,176.107 2 1
github.com/openchoreo/community-modules/observability-logs-cloudwatch/internal/handlers.go:176.107,181.3 1 1
github.com/openchoreo/community-modules/observability-logs-cloudwatch/internal/handlers.go:181.8,181.71 1 1
github.com/openchoreo/community-modules/observability-logs-cloudwatch/internal/handlers.go:181.71,186.3 1 0
github.com/openchoreo/community-modules/observability-logs-cloudwatch/internal/handlers.go:188.2,189.16 2 1
github.com/openchoreo/community-modules/observability-logs-cloudwatch/internal/handlers.go:189.16,190.29 1 1
github.com/openchoreo/community-modules/observability-logs-cloudwatch/internal/handlers.go:190.29,195.4 1 1
github.com/openchoreo/community-modules/observability-logs-cloudwatch/internal/handlers.go:196.3,204.9 2 1
github.com/openchoreo/community-modules/observability-logs-cloudwatch/internal/handlers.go:207.2,214.8 2 1
github.com/openchoreo/community-modules/observability-logs-cloudwatch/internal/handlers.go:217.145,219.16 2 1
github.com/openchoreo/community-modules/observability-logs-cloudwatch/internal/handlers.go:219.16,220.50 1 1
github.com/openchoreo/community-modules/observability-logs-cloudwatch/internal/handlers.go:220.50,225.4 1 1
github.com/openchoreo/community-modules/observability-logs-cloudwatch/internal/handlers.go:226.3,234.9 2 1
github.com/openchoreo/community-modules/observability-logs-cloudwatch/internal/handlers.go:237.2,244.8 2 1
github.com/openchoreo/community-modules/observability-logs-cloudwatch/internal/handlers.go:247.136,249.16 2 1
github.com/openchoreo/community-modules/observability-logs-cloudwatch/internal/handlers.go:249.16,250.50 1 1
github.com/openchoreo/community-modules/observability-logs-cloudwatch/internal/handlers.go:250.50,255.4 1 1
github.com/openchoreo/community-modules/observability-logs-cloudwatch/internal/handlers.go:256.3,264.9 2 1
github.com/openchoreo/community-modules/observability-logs-cloudwatch/internal/handlers.go:267.2,267.73 1 1
github.com/openchoreo/community-modules/observability-logs-cloudwatch/internal/handlers.go:270.145,271.25 1 1
github.com/openchoreo/community-modules/observability-logs-cloudwatch/internal/handlers.go:271.25,276.3 1 1
github.com/openchoreo/community-modules/observability-logs-cloudwatch/internal/handlers.go:278.2,281.16 4 1
github.com/openchoreo/community-modules/observability-logs-cloudwatch/internal/handlers.go:281.16,282.50 1 1
github.com/openchoreo/community-modules/observability-logs-cloudwatch/internal/handlers.go:282.50,287.4 1 1
github.com/openchoreo/community-modules/observability-logs-cloudwatch/internal/handlers.go:288.3,288.29 1 1
github.com/openchoreo/community-modules/observability-logs-cloudwatch/internal/handlers.go:288.29,293.4 1 1
github.com/openchoreo/community-modules/observability-logs-cloudwatch/internal/handlers.go:294.3,302.9 2 1
github.com/openchoreo/community-modules/observability-logs-cloudwatch/internal/handlers.go:305.2,312.8 2 1
github.com/openchoreo/community-modules/observability-logs-cloudwatch/internal/handlers.go:317.154,318.25 1 1
github.com/openchoreo/community-modules/observability-logs-cloudwatch/internal/handlers.go:318.25,324.3 2 1
github.com/openchoreo/community-modules/observability-logs-cloudwatch/internal/handlers.go:326.2,327.16 2 1
github.com/openchoreo/community-modules/observability-logs-cloudwatch/internal/handlers.go:327.16,333.3 2 0
github.com/openchoreo/community-modules/observability-logs-cloudwatch/internal/handlers.go:335.2,336.16 2 1
github.com/openchoreo/community-modules/observability-logs-cloudwatch/internal/handlers.go:336.16,342.3 2 0
github.com/openchoreo/community-modules/observability-logs-cloudwatch/internal/handlers.go:344.2,344.20 1 1
github.com/openchoreo/community-modules/observability-logs-cloudwatch/internal/handlers.go:344.20,345.34 1 1
github.com/openchoreo/community-modules/observability-logs-cloudwatch/internal/handlers.go:345.34,349.4 1 1
github.com/openchoreo/community-modules/observability-logs-cloudwatch/internal/handlers.go:349.9,349.40 1 0
github.com/openchoreo/community-modules/observability-logs-cloudwatch/internal/handlers.go:349.40,351.4 1 0
github.com/openchoreo/community-modules/observability-logs-cloudwatch/internal/handlers.go:352.3,355.9 1 1
github.com/openchoreo/community-modules/observability-logs-cloudwatch/internal/handlers.go:358.2,358.18 1 1
github.com/openchoreo/community-modules/observability-logs-cloudwatch/internal/handlers.go:358.18,363.3 1 0
github.com/openchoreo/community-modules/observability-logs-cloudwatch/internal/handlers.go:365.2,365.71 1 1
github.com/openchoreo/community-modules/observability-logs-cloudwatch/internal/handlers.go:365.71,374.3 2 1
github.com/openchoreo/community-modules/observability-logs-cloudwatch/internal/handlers.go:376.2,376.29 1 1
github.com/openchoreo/community-modules/observability-logs-cloudwatch/internal/handlers.go:376.29,384.3 2 1
github.com/openchoreo/community-modules/observability-logs-cloudwatch/internal/handlers.go:386.2,398.8 3 1
github.com/openchoreo/community-modules/observability-logs-cloudwatch/internal/handlers.go:401.77,407.82 3 1
github.com/openchoreo/community-modules/observability-logs-cloudwatch/internal/handlers.go:407.82,408.81 1 1
github.com/openchoreo/community-modules/observability-logs-cloudwatch/internal/handlers.go:408.81,410.4 1 1
github.com/openchoreo/community-modules/observability-logs-cloudwatch/internal/handlers.go:410.9,415.4 1 0
github.com/openchoreo/community-modules/observability-logs-cloudwatch/internal/handlers.go:418.2,418.26 1 1
github.com/openchoreo/community-modules/observability-logs-cloudwatch/internal/handlers.go:418.26,423.3 2 1
github.com/openchoreo/community-modules/observability-logs-cloudwatch/internal/handlers.go:425.2,425.136 1 1
github.com/openchoreo/community-modules/observability-logs-cloudwatch/internal/handlers.go:425.136,431.3 2 0
github.com/openchoreo/community-modules/observability-logs-cloudwatch/internal/handlers.go:432.2,436.3 1 1
github.com/openchoreo/community-modules/observability-logs-cloudwatch/internal/handlers.go:439.81,440.66 1 0
github.com/openchoreo/community-modules/observability-logs-cloudwatch/internal/handlers.go:440.66,445.3 2 0
github.com/openchoreo/community-modules/observability-logs-cloudwatch/internal/handlers.go:447.2,451.16 4 0
github.com/openchoreo/community-modules/observability-logs-cloudwatch/internal/handlers.go:451.16,454.3 2 0
github.com/openchoreo/community-modules/observability-logs-cloudwatch/internal/handlers.go:455.2,456.16 2 0
github.com/openchoreo/community-modules/observability-logs-cloudwatch/internal/handlers.go:456.16,459.3 2 0
github.com/openchoreo/community-modules/observability-logs-cloudwatch/internal/handlers.go:460.2,462.28 3 0
github.com/openchoreo/community-modules/observability-logs-cloudwatch/internal/handlers.go:462.28,467.3 2 0
github.com/openchoreo/community-modules/observability-logs-cloudwatch/internal/handlers.go:468.2,470.3 1 0
github.com/openchoreo/community-modules/observability-logs-cloudwatch/internal/handlers.go:475.104,484.9 3 1
github.com/openchoreo/community-modules/observability-logs-cloudwatch/internal/handlers.go:485.27,487.17 2 1
github.com/openchoreo/community-modules/observability-logs-cloudwatch/internal/handlers.go:487.17,489.4 1 0
github.com/openchoreo/community-modules/observability-logs-cloudwatch/internal/handlers.go:490.3,490.32 1 1
github.com/openchoreo/community-modules/observability-logs-cloudwatch/internal/handlers.go:490.32,492.4 1 1
github.com/openchoreo/community-modules/observability-logs-cloudwatch/internal/handlers.go:493.3,493.29 1 1
github.com/openchoreo/community-modules/observability-logs-cloudwatch/internal/handlers.go:494.71,496.23 2 1
github.com/openchoreo/community-modules/observability-logs-cloudwatch/internal/handlers.go:497.10,499.23 2 1
github.com/openchoreo/community-modules/observability-logs-cloudwatch/internal/handlers.go:503.40,504.16 1 1
github.com/openchoreo/community-modules/observability-logs-cloudwatch/internal/handlers.go:504.16,506.3 1 1
github.com/openchoreo/community-modules/observability-logs-cloudwatch/internal/handlers.go:507.2,507.50 1 1
github.com/openchoreo/community-modules/observability-logs-cloudwatch/internal/handlers.go:511.76,523.80 2 1
github.com/openchoreo/community-modules/observability-logs-cloudwatch/internal/handlers.go:523.80,525.3 1 1
github.com/openchoreo/community-modules/observability-logs-cloudwatch/internal/handlers.go:526.2,526.82 1 1
github.com/openchoreo/community-modules/observability-logs-cloudwatch/internal/handlers.go:526.82,528.3 1 1
github.com/openchoreo/community-modules/observability-logs-cloudwatch/internal/handlers.go:529.2,529.15 1 1
github.com/openchoreo/community-modules/observability-logs-cloudwatch/internal/handlers.go:532.79,550.28 8 1
github.com/openchoreo/community-modules/observability-logs-cloudwatch/internal/handlers.go:550.28,551.49 1 1
github.com/openchoreo/community-modules/observability-logs-cloudwatch/internal/handlers.go:551.49,553.4 1 1
github.com/openchoreo/community-modules/observability-logs-cloudwatch/internal/handlers.go:555.2,555.32 1 1
github.com/openchoreo/community-modules/observability-logs-cloudwatch/internal/handlers.go:555.32,556.53 1 1
github.com/openchoreo/community-modules/observability-logs-cloudwatch/internal/handlers.go:556.53,558.4 1 1
github.com/openchoreo/community-modules/observability-logs-cloudwatch/internal/handlers.go:560.2,560.30 1 1
github.com/openchoreo/community-modules/observability-logs-cloudwatch/internal/handlers.go:560.30,561.51 1 1
github.com/openchoreo/community-modules/observability-logs-cloudwatch/internal/handlers.go:561.51,563.4 1 1
github.com/openchoreo/community-modules/observability-logs-cloudwatch/internal/handlers.go:566.2,587.3 1 1
github.com/openchoreo/community-modules/observability-logs-cloudwatch/internal/handlers.go:592.119,598.29 2 1
github.com/openchoreo/community-modules/observability-logs-cloudwatch/internal/handlers.go:598.29,600.3 1 1
github.com/openchoreo/community-modules/observability-logs-cloudwatch/internal/handlers.go:601.2,601.33 1 1
github.com/openchoreo/community-modules/observability-logs-cloudwatch/internal/handlers.go:601.33,603.3 1 1
github.com/openchoreo/community-modules/observability-logs-cloudwatch/internal/handlers.go:604.2,604.31 1 1
github.com/openchoreo/community-modules/observability-logs-cloudwatch/internal/handlers.go:604.31,606.3 1 1
github.com/openchoreo/community-modules/observability-logs-cloudwatch/internal/handlers.go:607.2,607.22 1 1
github.com/openchoreo/community-modules/observability-logs-cloudwatch/internal/handlers.go:607.22,609.3 1 1
github.com/openchoreo/community-modules/observability-logs-cloudwatch/internal/handlers.go:610.2,610.26 1 1
github.com/openchoreo/community-modules/observability-logs-cloudwatch/internal/handlers.go:610.26,612.3 1 1
github.com/openchoreo/community-modules/observability-logs-cloudwatch/internal/handlers.go:613.2,613.29 1 1
github.com/openchoreo/community-modules/observability-logs-cloudwatch/internal/handlers.go:613.29,615.3 1 1
github.com/openchoreo/community-modules/observability-logs-cloudwatch/internal/handlers.go:616.2,616.26 1 1
github.com/openchoreo/community-modules/observability-logs-cloudwatch/internal/handlers.go:616.26,618.36 2 1
github.com/openchoreo/community-modules/observability-logs-cloudwatch/internal/handlers.go:618.36,620.4 1 1
github.com/openchoreo/community-modules/observability-logs-cloudwatch/internal/handlers.go:621.3,621.28 1 1
github.com/openchoreo/community-modules/observability-logs-cloudwatch/internal/handlers.go:623.2,623.15 1 1
github.com/openchoreo/community-modules/observability-logs-cloudwatch/internal/handlers.go:626.116,632.34 2 1
github.com/openchoreo/community-modules/observability-logs-cloudwatch/internal/handlers.go:632.34,634.3 1 1
github.com/openchoreo/community-modules/observability-logs-cloudwatch/internal/handlers.go:635.2,635.22 1 1
github.com/openchoreo/community-modules/observability-logs-cloudwatch/internal/handlers.go:635.22,637.3 1 1
github.com/openchoreo/community-modules/observability-logs-cloudwatch/internal/handlers.go:638.2,638.26 1 1
github.com/openchoreo/community-modules/observability-logs-cloudwatch/internal/handlers.go:638.26,640.3 1 1
github.com/openchoreo/community-modules/observability-logs-cloudwatch/internal/handlers.go:641.2,641.29 1 1
github.com/openchoreo/community-modules/observability-logs-cloudwatch/internal/handlers.go:641.29,643.3 1 1
github.com/openchoreo/community-modules/observability-logs-cloudwatch/internal/handlers.go:644.2,644.26 1 1
github.com/openchoreo/community-modules/observability-logs-cloudwatch/internal/handlers.go:644.26,646.36 2 1
github.com/openchoreo/community-modules/observability-logs-cloudwatch/internal/handlers.go:646.36,648.4 1 1
github.com/openchoreo/community-modules/observability-logs-cloudwatch/internal/handlers.go:649.3,649.28 1 1
github.com/openchoreo/community-modules/observability-logs-cloudwatch/internal/handlers.go:651.2,651.15 1 1
github.com/openchoreo/community-modules/observability-logs-cloudwatch/internal/handlers.go:654.97,656.29 2 1
github.com/openchoreo/community-modules/observability-logs-cloudwatch/internal/handlers.go:656.29,658.3 1 1
github.com/openchoreo/community-modules/observability-logs-cloudwatch/internal/handlers.go:660.2,667.13 5 1
github.com/openchoreo/community-modules/observability-logs-cloudwatch/internal/handlers.go:670.95,672.32 2 1
github.com/openchoreo/community-modules/observability-logs-cloudwatch/internal/handlers.go:672.32,677.3 1 1
github.com/openchoreo/community-modules/observability-logs-cloudwatch/internal/handlers.go:679.2,686.13 5 1
github.com/openchoreo/community-modules/observability-logs-cloudwatch/internal/handlers.go:689.82,716.26 2 1
github.com/openchoreo/community-modules/observability-logs-cloudwatch/internal/handlers.go:716.26,717.47 1 1
github.com/openchoreo/community-modules/observability-logs-cloudwatch/internal/handlers.go:717.47,719.4 1 1
github.com/openchoreo/community-modules/observability-logs-cloudwatch/internal/handlers.go:721.2,721.24 1 1
github.com/openchoreo/community-modules/observability-logs-cloudwatch/internal/handlers.go:721.24,722.45 1 1
github.com/openchoreo/community-modules/observability-logs-cloudwatch/internal/handlers.go:722.45,724.4 1 1
github.com/openchoreo/community-modules/observability-logs-cloudwatch/internal/handlers.go:726.2,726.28 1 1
github.com/openchoreo/community-modules/observability-logs-cloudwatch/internal/handlers.go:726.28,727.49 1 1
github.com/openchoreo/community-modules/observability-logs-cloudwatch/internal/handlers.go:727.49,729.4 1 1
github.com/openchoreo/community-modules/observability-logs-cloudwatch/internal/handlers.go:732.2,732.14 1 1
github.com/openchoreo/community-modules/observability-logs-cloudwatch/internal/handlers.go:735.53,737.16 2 1
github.com/openchoreo/community-modules/observability-logs-cloudwatch/internal/handlers.go:737.16,739.3 1 1
github.com/openchoreo/community-modules/observability-logs-cloudwatch/internal/handlers.go:740.2,740.41 1 1
github.com/openchoreo/community-modules/observability-logs-cloudwatch/internal/handlers.go:743.25,745.2 1 1
github.com/openchoreo/community-modules/observability-logs-cloudwatch/internal/handlers.go:747.31,748.13 1 1
github.com/openchoreo/community-modules/observability-logs-cloudwatch/internal/handlers.go:748.13,750.3 1 1
github.com/openchoreo/community-modules/observability-logs-cloudwatch/internal/handlers.go:751.2,751.11 1 1
github.com/openchoreo/community-modules/observability-logs-cloudwatch/internal/server.go:23.131,32.78 4 1
github.com/openchoreo/community-modules/observability-logs-cloudwatch/internal/server.go:32.78,36.3 3 1
github.com/openchoreo/community-modules/observability-logs-cloudwatch/internal/server.go:41.2,41.76 1 1
github.com/openchoreo/community-modules/observability-logs-cloudwatch/internal/server.go:41.76,44.3 2 1
github.com/openchoreo/community-modules/observability-logs-cloudwatch/internal/server.go:45.2,59.3 3 1
github.com/openchoreo/community-modules/observability-logs-cloudwatch/internal/server.go:62.32,64.85 2 1
github.com/openchoreo/community-modules/observability-logs-cloudwatch/internal/server.go:64.85,66.3 1 0
github.com/openchoreo/community-modules/observability-logs-cloudwatch/internal/server.go:67.2,67.12 1 1
github.com/openchoreo/community-modules/observability-logs-cloudwatch/internal/server.go:70.54,73.2 2 1
github.com/openchoreo/community-modules/observability-logs-cloudwatch/internal/observer/client.go:22.40,29.2 1 1
github.com/openchoreo/community-modules/observability-logs-cloudwatch/internal/observer/client.go:44.9,53.16 3 1
github.com/openchoreo/community-modules/observability-logs-cloudwatch/internal/observer/client.go:53.16,55.3 1 0
github.com/openchoreo/community-modules/observability-logs-cloudwatch/internal/observer/client.go:57.2,59.16 3 1
github.com/openchoreo/community-modules/observability-logs-cloudwatch/internal/observer/client.go:59.16,61.3 1 1
github.com/openchoreo/community-modules/observability-logs-cloudwatch/internal/observer/client.go:62.2,65.16 3 1
github.com/openchoreo/community-modules/observability-logs-cloudwatch/internal/observer/client.go:65.16,67.3 1 1
github.com/openchoreo/community-modules/observability-logs-cloudwatch/internal/observer/client.go:68.2,70.86 2 1
github.com/openchoreo/community-modules/observability-logs-cloudwatch/internal/observer/client.go:70.86,73.3 2 1
github.com/openchoreo/community-modules/observability-logs-cloudwatch/internal/observer/client.go:75.2,75.12 1 1
github.com/openchoreo/community-modules/observability-logs-cloudwatch/internal/cloudwatch/alert_patterns.go:23.64,25.16 2 1
github.com/openchoreo/community-modules/observability-logs-cloudwatch/internal/cloudwatch/alert_patterns.go:25.16,27.3 1 0
github.com/openchoreo/community-modules/observability-logs-cloudwatch/internal/cloudwatch/alert_patterns.go:29.2,31.17 3 1
github.com/openchoreo/community-modules/observability-logs-cloudwatch/internal/cloudwatch/alert_patterns.go:31.17,33.3 1 1
github.com/openchoreo/community-modules/observability-logs-cloudwatch/internal/cloudwatch/alert_patterns.go:34.2,34.24 1 1
github.com/openchoreo/community-modules/observability-logs-cloudwatch/internal/cloudwatch/alert_patterns.go:34.24,36.3 1 1
github.com/openchoreo/community-modules/observability-logs-cloudwatch/internal/cloudwatch/alert_patterns.go:37.2,37.21 1 1
github.com/openchoreo/community-modules/observability-logs-cloudwatch/internal/cloudwatch/alert_patterns.go:37.21,39.3 1 1
github.com/openchoreo/community-modules/observability-logs-cloudwatch/internal/cloudwatch/alert_patterns.go:41.2,42.40 2 1
github.com/openchoreo/community-modules/observability-logs-cloudwatch/internal/cloudwatch/alert_patterns.go:42.40,44.3 1 1
github.com/openchoreo/community-modules/observability-logs-cloudwatch/internal/cloudwatch/alert_patterns.go:45.2,45.21 1 1
github.com/openchoreo/community-modules/observability-logs-cloudwatch/internal/cloudwatch/alert_patterns.go:60.50,62.28 2 1
github.com/openchoreo/community-modules/observability-logs-cloudwatch/internal/cloudwatch/alert_patterns.go:62.28,64.3 1 1
github.com/openchoreo/community-modules/observability-logs-cloudwatch/internal/cloudwatch/alert_patterns.go:65.2,65.26 1 1
github.com/openchoreo/community-modules/observability-logs-cloudwatch/internal/cloudwatch/alert_patterns.go:65.26,67.3 1 1
github.com/openchoreo/community-modules/observability-logs-cloudwatch/internal/cloudwatch/alert_patterns.go:68.2,68.21 1 1
github.com/openchoreo/community-modules/observability-logs-cloudwatch/internal/cloudwatch/alert_patterns.go:68.21,70.3 1 1
github.com/openchoreo/community-modules/observability-logs-cloudwatch/internal/cloudwatch/alert_patterns.go:71.2,71.36 1 1
github.com/openchoreo/community-modules/observability-logs-cloudwatch/internal/cloudwatch/alert_patterns.go:74.54,76.2 1 1
github.com/openchoreo/community-modules/observability-logs-cloudwatch/internal/cloudwatch/alert_patterns.go:80.41,84.2 3 1
github.com/openchoreo/community-modules/observability-logs-cloudwatch/internal/cloudwatch/alert_patterns.go:94.60,96.13 2 1
github.com/openchoreo/community-modules/observability-logs-cloudwatch/internal/cloudwatch/alert_patterns.go:96.13,98.3 1 1
github.com/openchoreo/community-modules/observability-logs-cloudwatch/internal/cloudwatch/alert_patterns.go:99.2,99.36 1 1
github.com/openchoreo/community-modules/observability-logs-cloudwatch/internal/cloudwatch/alert_patterns.go:99.36,101.3 1 1
github.com/openchoreo/community-modules/observability-logs-cloudwatch/internal/cloudwatch/alert_patterns.go:102.2,102.34 1 1
github.com/openchoreo/community-modules/observability-logs-cloudwatch/internal/cloudwatch/alert_patterns.go:102.34,104.3 1 0
github.com/openchoreo/community-modules/observability-logs-cloudwatch/internal/cloudwatch/alert_patterns.go:105.2,106.49 2 1
github.com/openchoreo/community-modules/observability-logs-cloudwatch/internal/cloudwatch/alert_patterns.go:106.49,107.35 1 1
github.com/openchoreo/community-modules/observability-logs-cloudwatch/internal/cloudwatch/alert_patterns.go:107.35,109.4 1 1
github.com/openchoreo/community-modules/observability-logs-cloudwatch/internal/cloudwatch/alert_patterns.go:112.2,112.34 1 1
github.com/openchoreo/community-modules/observability-logs-cloudwatch/internal/cloudwatch/alert_patterns.go:112.34,114.3 1 1
github.com/openchoreo/community-modules/observability-logs-cloudwatch/internal/cloudwatch/alert_patterns.go:117.2,117.60 1 1
github.com/openchoreo/community-modules/observability-logs-cloudwatch/internal/cloudwatch/alert_patterns.go:117.60,119.3 1 1
github.com/openchoreo/community-modules/observability-logs-cloudwatch/internal/cloudwatch/alert_patterns.go:124.2,124.75 1 1
github.com/openchoreo/community-modules/observability-logs-cloudwatch/internal/cloudwatch/alert_patterns.go:124.75,126.38 2 1
github.com/openchoreo/community-modules/observability-logs-cloudwatch/internal/cloudwatch/alert_patterns.go:126.38,128.4 1 1
github.com/openchoreo/community-modules/observability-logs-cloudwatch/internal/cloudwatch/alert_patterns.go:129.3,129.38 1 1
github.com/openchoreo/community-modules/observability-logs-cloudwatch/internal/cloudwatch/alert_patterns.go:129.38,131.4 1 1
github.com/openchoreo/community-modules/observability-logs-cloudwatch/internal/cloudwatch/alert_patterns.go:132.3,132.58 1 1
github.com/openchoreo/community-modules/observability-logs-cloudwatch/internal/cloudwatch/alert_patterns.go:137.2,137.75 1 1
github.com/openchoreo/community-modules/observability-logs-cloudwatch/internal/cloudwatch/alert_patterns.go:137.75,140.3 2 1
github.com/openchoreo/community-modules/observability-logs-cloudwatch/internal/cloudwatch/alert_patterns.go:144.2,144.49 1 1
github.com/openchoreo/community-modules/observability-logs-cloudwatch/internal/cloudwatch/alert_patterns.go:144.49,146.3 1 1
github.com/openchoreo/community-modules/observability-logs-cloudwatch/internal/cloudwatch/alert_patterns.go:147.2,147.78 1 1
github.com/openchoreo/community-modules/observability-logs-cloudwatch/internal/cloudwatch/alert_patterns.go:150.55,152.12 2 1
github.com/openchoreo/community-modules/observability-logs-cloudwatch/internal/cloudwatch/alert_patterns.go:152.12,154.3 1 0
github.com/openchoreo/community-modules/observability-logs-cloudwatch/internal/cloudwatch/alert_patterns.go:155.2,157.36 3 1
github.com/openchoreo/community-modules/observability-logs-cloudwatch/internal/cloudwatch/alert_patterns.go:157.36,159.3 1 0
github.com/openchoreo/community-modules/observability-logs-cloudwatch/internal/cloudwatch/alert_patterns.go:160.2,160.29 1 1
github.com/openchoreo/community-modules/observability-logs-cloudwatch/internal/cloudwatch/alert_patterns.go:160.29,161.25 1 1
github.com/openchoreo/community-modules/observability-logs-cloudwatch/internal/cloudwatch/alert_patterns.go:161.25,163.4 1 1
github.com/openchoreo/community-modules/observability-logs-cloudwatch/internal/cloudwatch/alert_patterns.go:166.2,166.90 1 1
github.com/openchoreo/community-modules/observability-logs-cloudwatch/internal/cloudwatch/alert_patterns.go:166.90,168.3 1 1
github.com/openchoreo/community-modules/observability-logs-cloudwatch/internal/cloudwatch/alert_patterns.go:170.2,171.34 2 1
github.com/openchoreo/community-modules/observability-logs-cloudwatch/internal/cloudwatch/alert_patterns.go:171.34,173.3 1 1
github.com/openchoreo/community-modules/observability-logs-cloudwatch/internal/cloudwatch/alert_patterns.go:174.2,174.34 1 1
github.com/openchoreo/community-modules/observability-logs-cloudwatch/internal/cloudwatch/alert_patterns.go:177.34,178.9 1 1
github.com/openchoreo/community-modules/observability-logs-cloudwatch/internal/cloudwatch/alert_patterns.go:179.28,180.14 1 1
github.com/openchoreo/community-modules/observability-logs-cloudwatch/internal/cloudwatch/alert_patterns.go:181.28,182.14 1 1
github.com/openchoreo/community-modules/observability-logs-cloudwatch/internal/cloudwatch/alert_patterns.go:183.28,184.14 1 1
github.com/openchoreo/community-modules/observability-logs-cloudwatch/internal/cloudwatch/alert_patterns.go:185.76,186.14 1 1
github.com/openchoreo/community-modules/observability-logs-cloudwatch/internal/cloudwatch/alert_patterns.go:188.2,188.14 1 1
github.com/openchoreo/community-modules/observability-logs-cloudwatch/internal/cloudwatch/alert_patterns.go:191.44,192.22 1 1
github.com/openchoreo/community-modules/observability-logs-cloudwatch/internal/cloudwatch/alert_patterns.go:192.22,193.10 1 1
github.com/openchoreo/community-modules/observability-logs-cloudwatch/internal/cloudwatch/alert_patterns.go:194.29,194.29 0 1
github.com/openchoreo/community-modules/observability-logs-cloudwatch/internal/cloudwatch/alert_patterns.go:195.29,195.29 0 1
github.com/openchoreo/community-modules/observability-logs-cloudwatch/internal/cloudwatch/alert_patterns.go:196.29,196.29 0 0
github.com/openchoreo/community-modules/observability-logs-cloudwatch/internal/cloudwatch/alert_patterns.go:197.46,197.46 0 0
github.com/openchoreo/community-modules/observability-logs-cloudwatch/internal/cloudwatch/alert_patterns.go:198.11,199.123 1 1
github.com/openchoreo/community-modules/observability-logs-cloudwatch/internal/cloudwatch/alert_patterns.go:202.2,202.12 1 1
github.com/openchoreo/community-modules/observability-logs-cloudwatch/internal/cloudwatch/alert_patterns.go:205.43,206.30 1 1
github.com/openchoreo/community-modules/observability-logs-cloudwatch/internal/cloudwatch/alert_patterns.go:206.30,207.19 1 1
github.com/openchoreo/community-modules/observability-logs-cloudwatch/internal/cloudwatch/alert_patterns.go:207.19,208.21 1 1
github.com/openchoreo/community-modules/observability-logs-cloudwatch/internal/cloudwatch/alert_patterns.go:208.21,210.5 1 1
github.com/openchoreo/community-modules/observability-logs-cloudwatch/internal/cloudwatch/alert_patterns.go:211.4,212.16 2 1
github.com/openchoreo/community-modules/observability-logs-cloudwatch/internal/cloudwatch/alert_patterns.go:213.39,215.13 2 1
github.com/openchoreo/community-modules/observability-logs-cloudwatch/internal/cloudwatch/alert_patterns.go:216.12,217.16 1 1
github.com/openchoreo/community-modules/observability-logs-cloudwatch/internal/cloudwatch/alert_patterns.go:221.2,221.14 1 1
github.com/openchoreo/community-modules/observability-logs-cloudwatch/internal/cloudwatch/alerts.go:75.73,86.2 6 1
github.com/openchoreo/community-modules/observability-logs-cloudwatch/internal/cloudwatch/alerts.go:90.80,92.9 2 1
github.com/openchoreo/community-modules/observability-logs-cloudwatch/internal/cloudwatch/alerts.go:92.9,94.3 1 1
github.com/openchoreo/community-modules/observability-logs-cloudwatch/internal/cloudwatch/alerts.go:96.2,97.79 2 1
github.com/openchoreo/community-modules/observability-logs-cloudwatch/internal/cloudwatch/alerts.go:97.79,99.3 1 1
github.com/openchoreo/community-modules/observability-logs-cloudwatch/internal/cloudwatch/alerts.go:101.2,102.16 2 1
github.com/openchoreo/community-modules/observability-logs-cloudwatch/internal/cloudwatch/alerts.go:102.16,104.3 1 1
github.com/openchoreo/community-modules/observability-logs-cloudwatch/internal/cloudwatch/alerts.go:105.2,106.16 2 1
github.com/openchoreo/community-modules/observability-logs-cloudwatch/internal/cloudwatch/alerts.go:106.16,108.3 1 0
github.com/openchoreo/community-modules/observability-logs-cloudwatch/internal/cloudwatch/alerts.go:109.2,109.29 1 1
github.com/openchoreo/community-modules/observability-logs-cloudwatch/internal/cloudwatch/alerts.go:126.50,127.37 1 1
github.com/openchoreo/community-modules/observability-logs-cloudwatch/internal/cloudwatch/alerts.go:127.37,129.3 1 1
github.com/openchoreo/community-modules/observability-logs-cloudwatch/internal/cloudwatch/alerts.go:130.2,130.42 1 1
github.com/openchoreo/community-modules/observability-logs-cloudwatch/internal/cloudwatch/alerts.go:130.42,132.3 1 1
github.com/openchoreo/community-modules/observability-logs-cloudwatch/internal/cloudwatch/alerts.go:133.2,133.38 1 1
github.com/openchoreo/community-modules/observability-logs-cloudwatch/internal/cloudwatch/alerts.go:133.38,135.3 1 1
github.com/openchoreo/community-modules/observability-logs-cloudwatch/internal/cloudwatch/alerts.go:136.2,136.27 1 1
github.com/openchoreo/community-modules/observability-logs-cloudwatch/internal/cloudwatch/alerts.go:136.27,138.3 1 1
github.com/openchoreo/community-modules/observability-logs-cloudwatch/internal/cloudwatch/alerts.go:139.2,139.86 1 1
github.com/openchoreo/community-modules/observability-logs-cloudwatch/internal/cloudwatch/alerts.go:139.86,141.3 1 0
github.com/openchoreo/community-modules/observability-logs-cloudwatch/internal/cloudwatch/alerts.go:142.2,142.61 1 1
github.com/openchoreo/community-modules/observability-logs-cloudwatch/internal/cloudwatch/alerts.go:142.61,144.3 1 1
github.com/openchoreo/community-modules/observability-logs-cloudwatch/internal/cloudwatch/alerts.go:145.2,146.57 2 1
github.com/openchoreo/community-modules/observability-logs-cloudwatch/internal/cloudwatch/alerts.go:146.57,152.3 1 1
github.com/openchoreo/community-modules/observability-logs-cloudwatch/internal/cloudwatch/alerts.go:153.2,153.58 1 1
github.com/openchoreo/community-modules/observability-logs-cloudwatch/internal/cloudwatch/alerts.go:153.58,159.3 1 0
github.com/openchoreo/community-modules/observability-logs-cloudwatch/internal/cloudwatch/alerts.go:160.2,160.12 1 1
github.com/openchoreo/community-modules/observability-logs-cloudwatch/internal/cloudwatch/alerts.go:164.75,165.48 1 1
github.com/openchoreo/community-modules/observability-logs-cloudwatch/internal/cloudwatch/alerts.go:166.12,167.61 1 1
github.com/openchoreo/community-modules/observability-logs-cloudwatch/internal/cloudwatch/alerts.go:168.13,169.70 1 1
github.com/openchoreo/community-modules/observability-logs-cloudwatch/internal/cloudwatch/alerts.go:170.12,171.58 1 1
github.com/openchoreo/community-modules/observability-logs-cloudwatch/internal/cloudwatch/alerts.go:172.13,173.67 1 1
github.com/openchoreo/community-modules/observability-logs-cloudwatch/internal/cloudwatch/alerts.go:174.12,175.93 1 1
github.com/openchoreo/community-modules/observability-logs-cloudwatch/internal/cloudwatch/alerts.go:176.13,177.94 1 1
github.com/openchoreo/community-modules/observability-logs-cloudwatch/internal/cloudwatch/alerts.go:178.10,179.60 1 1
github.com/openchoreo/community-modules/observability-logs-cloudwatch/internal/cloudwatch/alerts.go:184.63,185.12 1 1
github.com/openchoreo/community-modules/observability-logs-cloudwatch/internal/cloudwatch/alerts.go:186.54,187.14 1 1
github.com/openchoreo/community-modules/observability-logs-cloudwatch/internal/cloudwatch/alerts.go:188.63,189.15 1 1
github.com/openchoreo/community-modules/observability-logs-cloudwatch/internal/cloudwatch/alerts.go:190.51,191.14 1 1
github.com/openchoreo/community-modules/observability-logs-cloudwatch/internal/cloudwatch/alerts.go:192.60,193.15 1 1
github.com/openchoreo/community-modules/observability-logs-cloudwatch/internal/cloudwatch/alerts.go:195.2,195.11 1 1
github.com/openchoreo/community-modules/observability-logs-cloudwatch/internal/cloudwatch/alerts.go:200.94,201.28 1 1
github.com/openchoreo/community-modules/observability-logs-cloudwatch/internal/cloudwatch/alerts.go:201.28,203.3 1 1
github.com/openchoreo/community-modules/observability-logs-cloudwatch/internal/cloudwatch/alerts.go:204.2,205.25 2 1
github.com/openchoreo/community-modules/observability-logs-cloudwatch/internal/cloudwatch/alerts.go:205.25,207.3 1 1
github.com/openchoreo/community-modules/observability-logs-cloudwatch/internal/cloudwatch/alerts.go:208.2,209.21 2 1
github.com/openchoreo/community-modules/observability-logs-cloudwatch/internal/cloudwatch/alerts.go:209.21,211.3 1 0
github.com/openchoreo/community-modules/observability-logs-cloudwatch/internal/cloudwatch/alerts.go:213.2,214.24 2 1
github.com/openchoreo/community-modules/observability-logs-cloudwatch/internal/cloudwatch/alerts.go:214.24,215.20 1 1
github.com/openchoreo/community-modules/observability-logs-cloudwatch/internal/cloudwatch/alerts.go:215.20,217.4 1 1
github.com/openchoreo/community-modules/observability-logs-cloudwatch/internal/cloudwatch/alerts.go:218.8,219.21 1 1
github.com/openchoreo/community-modules/observability-logs-cloudwatch/internal/cloudwatch/alerts.go:219.21,221.4 1 1
github.com/openchoreo/community-modules/observability-logs-cloudwatch/internal/cloudwatch/alerts.go:223.2,223.52 1 1
github.com/openchoreo/community-modules/observability-logs-cloudwatch/internal/cloudwatch/alerts.go:227.59,228.32 1 1
github.com/openchoreo/community-modules/observability-logs-cloudwatch/internal/cloudwatch/alerts.go:228.32,230.3 1 1
github.com/openchoreo/community-modules/observability-logs-cloudwatch/internal/cloudwatch/alerts.go:231.2,232.16 2 1
github.com/openchoreo/community-modules/observability-logs-cloudwatch/internal/cloudwatch/alerts.go:232.16,234.3 1 1
github.com/openchoreo/community-modules/observability-logs-cloudwatch/internal/cloudwatch/alerts.go:235.2,235.15 1 1
github.com/openchoreo/community-modules/observability-logs-cloudwatch/internal/cloudwatch/alerts.go:240.45,242.2 1 1
github.com/openchoreo/community-modules/observability-logs-cloudwatch/internal/cloudwatch/alerts.go:244.50,246.2 1 1
github.com/openchoreo/community-modules/observability-logs-cloudwatch/internal/cloudwatch/alerts.go:248.59,250.16 2 1
github.com/openchoreo/community-modules/observability-logs-cloudwatch/internal/cloudwatch/alerts.go:250.16,252.3 1 1
github.com/openchoreo/community-modules/observability-logs-cloudwatch/internal/cloudwatch/alerts.go:253.2,253.29 1 1
github.com/openchoreo/community-modules/observability-logs-cloudwatch/internal/cloudwatch/alerts_crud.go:28.85,29.47 1 1
github.com/openchoreo/community-modules/observability-logs-cloudwatch/internal/cloudwatch/alerts_crud.go:29.47,31.3 1 1
github.com/openchoreo/community-modules/observability-logs-cloudwatch/internal/cloudwatch/alerts_crud.go:32.2,35.16 3 1
github.com/openchoreo/community-modules/observability-logs-cloudwatch/internal/cloudwatch/alerts_crud.go:35.16,37.3 1 0
github.com/openchoreo/community-modules/observability-logs-cloudwatch/internal/cloudwatch/alerts_crud.go:39.2,40.33 2 1
github.com/openchoreo/community-modules/observability-logs-cloudwatch/internal/cloudwatch/alerts_crud.go:40.33,42.3 1 0
github.com/openchoreo/community-modules/observability-logs-cloudwatch/internal/cloudwatch/alerts_crud.go:44.2,44.67 1 1
github.com/openchoreo/community-modules/observability-logs-cloudwatch/internal/cloudwatch/alerts_crud.go:44.67,46.3 1 1
github.com/openchoreo/community-modules/observability-logs-cloudwatch/internal/cloudwatch/alerts_crud.go:48.2,49.16 2 1
github.com/openchoreo/community-modules/observability-logs-cloudwatch/internal/cloudwatch/alerts_crud.go:49.16,51.89 1 1
github.com/openchoreo/community-modules/observability-logs-cloudwatch/internal/cloudwatch/alerts_crud.go:51.89,56.4 1 0
github.com/openchoreo/community-modules/observability-logs-cloudwatch/internal/cloudwatch/alerts_crud.go:57.3,57.53 1 1
github.com/openchoreo/community-modules/observability-logs-cloudwatch/internal/cloudwatch/alerts_crud.go:59.2,59.17 1 1
github.com/openchoreo/community-modules/observability-logs-cloudwatch/internal/cloudwatch/alerts_crud.go:63.102,65.16 2 1
github.com/openchoreo/community-modules/observability-logs-cloudwatch/internal/cloudwatch/alerts_crud.go:65.16,67.3 1 0
github.com/openchoreo/community-modules/observability-logs-cloudwatch/internal/cloudwatch/alerts_crud.go:69.2,73.16 2 1
github.com/openchoreo/community-modules/observability-logs-cloudwatch/internal/cloudwatch/alerts_crud.go:73.16,75.3 1 0
github.com/openchoreo/community-modules/observability-logs-cloudwatch/internal/cloudwatch/alerts_crud.go:76.2,76.37 1 1
github.com/openchoreo/community-modules/observability-logs-cloudwatch/internal/cloudwatch/alerts_crud.go:76.37,78.3 1 1
github.com/openchoreo/community-modules/observability-logs-cloudwatch/internal/cloudwatch/alerts_crud.go:79.2,85.16 3 1
github.com/openchoreo/community-modules/observability-logs-cloudwatch/internal/cloudwatch/alerts_crud.go:85.16,87.3 1 0
github.com/openchoreo/community-modules/observability-logs-cloudwatch/internal/cloudwatch/alerts_crud.go:88.2,89.44 2 1
github.com/openchoreo/community-modules/observability-logs-cloudwatch/internal/cloudwatch/alerts_crud.go:89.44,90.59 1 1
github.com/openchoreo/community-modules/observability-logs-cloudwatch/internal/cloudwatch/alerts_crud.go:90.59,92.9 2 1
github.com/openchoreo/community-modules/observability-logs-cloudwatch/internal/cloudwatch/alerts_crud.go:95.2,95.19 1 1
github.com/openchoreo/community-modules/observability-logs-cloudwatch/internal/cloudwatch/alerts_crud.go:95.19,97.3 1 0
github.com/openchoreo/community-modules/observability-logs-cloudwatch/internal/cloudwatch/alerts_crud.go:99.2,102.16 2 1
github.com/openchoreo/community-modules/observability-logs-cloudwatch/internal/cloudwatch/alerts_crud.go:102.16,104.3 1 0
github.com/openchoreo/community-modules/observability-logs-cloudwatch/internal/cloudwatch/alerts_crud.go:105.2,121.23 3 1
github.com/openchoreo/community-modules/observability-logs-cloudwatch/internal/cloudwatch/alerts_crud.go:121.23,123.3 1 1
github.com/openchoreo/community-modules/observability-logs-cloudwatch/internal/cloudwatch/alerts_crud.go:124.2,124.28 1 1
github.com/openchoreo/community-modules/observability-logs-cloudwatch/internal/cloudwatch/alerts_crud.go:124.28,126.3 1 1
github.com/openchoreo/community-modules/observability-logs-cloudwatch/internal/cloudwatch/alerts_crud.go:127.2,127.20 1 1
github.com/openchoreo/community-modules/observability-logs-cloudwatch/internal/cloudwatch/alerts_crud.go:132.117,133.68 1 1
github.com/openchoreo/community-modules/observability-logs-cloudwatch/internal/cloudwatch/alerts_crud.go:133.68,135.3 1 1
github.com/openchoreo/community-modules/observability-logs-cloudwatch/internal/cloudwatch/alerts_crud.go:137.2,139.30 3 1
github.com/openchoreo/community-modules/observability-logs-cloudwatch/internal/cloudwatch/alerts_crud.go:144.99,146.16 2 1
github.com/openchoreo/community-modules/observability-logs-cloudwatch/internal/cloudwatch/alerts_crud.go:146.16,148.3 1 0
github.com/openchoreo/community-modules/observability-logs-cloudwatch/internal/cloudwatch/alerts_crud.go:150.2,155.39 3 1
github.com/openchoreo/community-modules/observability-logs-cloudwatch/internal/cloudwatch/alerts_crud.go:155.39,157.3 1 1
github.com/openchoreo/community-modules/observability-logs-cloudwatch/internal/cloudwatch/alerts_crud.go:158.2,159.16 2 1
github.com/openchoreo/community-modules/observability-logs-cloudwatch/internal/cloudwatch/alerts_crud.go:159.16,163.41 2 1
github.com/openchoreo/community-modules/observability-logs-cloudwatch/internal/cloudwatch/alerts_crud.go:163.41,165.4 1 1
github.com/openchoreo/community-modules/observability-logs-cloudwatch/internal/cloudwatch/alerts_crud.go:168.2,168.74 1 1
github.com/openchoreo/community-modules/observability-logs-cloudwatch/internal/cloudwatch/alerts_crud.go:168.74,170.3 1 0
github.com/openchoreo/community-modules/observability-logs-cloudwatch/internal/cloudwatch/alerts_crud.go:172.2,172.17 1 1
github.com/openchoreo/community-modules/observability-logs-cloudwatch/internal/cloudwatch/alerts_crud.go:172.17,174.3 1 1
github.com/openchoreo/community-modules/observability-logs-cloudwatch/internal/cloudwatch/alerts_crud.go:175.2,175.17 1 1
github.com/openchoreo/community-modules/observability-logs-cloudwatch/internal/cloudwatch/alerts_crud.go:178.120,192.2 2 1
github.com/openchoreo/community-modules/observability-logs-cloudwatch/internal/cloudwatch/alerts_crud.go:194.138,196.16 2 1
github.com/openchoreo/community-modules/observability-logs-cloudwatch/internal/cloudwatch/alerts_crud.go:196.16,198.3 1 0
github.com/openchoreo/community-modules/observability-logs-cloudwatch/internal/cloudwatch/alerts_crud.go:199.2,200.16 2 1
github.com/openchoreo/community-modules/observability-logs-cloudwatch/internal/cloudwatch/alerts_crud.go:200.16,202.3 1 0
github.com/openchoreo/community-modules/observability-logs-cloudwatch/internal/cloudwatch/alerts_crud.go:204.2,233.63 3 1
github.com/openchoreo/community-modules/observability-logs-cloudwatch/internal/cloudwatch/alerts_crud.go:233.63,235.3 1 1
github.com/openchoreo/community-modules/observability-logs-cloudwatch/internal/cloudwatch/alerts_crud.go:238.2,242.16 2 1
github.com/openchoreo/community-modules/observability-logs-cloudwatch/internal/cloudwatch/alerts_crud.go:242.16,244.3 1 0
github.com/openchoreo/community-modules/observability-logs-cloudwatch/internal/cloudwatch/alerts_crud.go:245.2,245.32 1 1
github.com/openchoreo/community-modules/observability-logs-cloudwatch/internal/cloudwatch/alerts_crud.go:245.32,247.3 1 0
github.com/openchoreo/community-modules/observability-logs-cloudwatch/internal/cloudwatch/alerts_crud.go:248.2,248.66 1 1
github.com/openchoreo/community-modules/observability-logs-cloudwatch/internal/cloudwatch/alerts_crud.go:248.66,250.3 1 1
github.com/openchoreo/community-modules/observability-logs-cloudwatch/internal/cloudwatch/alerts_crud.go:251.2,251.29 1 0
github.com/openchoreo/community-modules/observability-logs-cloudwatch/internal/cloudwatch/alerts_crud.go:254.83,259.39 2 1
github.com/openchoreo/community-modules/observability-logs-cloudwatch/internal/cloudwatch/alerts_crud.go:259.39,261.3 1 0
github.com/openchoreo/community-modules/observability-logs-cloudwatch/internal/cloudwatch/alerts_crud.go:262.2,262.12 1 1
github.com/openchoreo/community-modules/observability-logs-cloudwatch/internal/cloudwatch/alerts_crud.go:268.103,273.16 2 1
github.com/openchoreo/community-modules/observability-logs-cloudwatch/internal/cloudwatch/alerts_crud.go:273.16,275.3 1 1
github.com/openchoreo/community-modules/observability-logs-cloudwatch/internal/cloudwatch/alerts_crud.go:276.2,276.32 1 1
github.com/openchoreo/community-modules/observability-logs-cloudwatch/internal/cloudwatch/alerts_crud.go:276.32,278.3 1 1
github.com/openchoreo/community-modules/observability-logs-cloudwatch/internal/cloudwatch/alerts_crud.go:279.2,282.16 2 1
[...]
github.com/openchoreo/community-modules/observability-logs-cloudwatch/internal/cloudwatch/client.go:335.13,337.3 1 1
github.com/openchoreo/community-modules/observability-logs-cloudwatch/internal/cloudwatch/client.go:338.2,344.33 2 1
github.com/openchoreo/community-modules/observability-logs-cloudwatch/internal/cloudwatch/client.go:344.33,345.50 1 1
github.com/openchoreo/community-modules/observability-logs-cloudwatch/internal/cloudwatch/client.go:345.50,347.4 1 1
github.com/openchoreo/community-modules/observability-logs-cloudwatch/internal/cloudwatch/client.go:349.2,349.72 1 1
github.com/openchoreo/community-modules/observability-logs-cloudwatch/internal/cloudwatch/client.go:352.52,364.4 1 1
github.com/openchoreo/community-modules/observability-logs-cloudwatch/internal/cloudwatch/client.go:364.4,365.56 1 1
github.com/openchoreo/community-modules/observability-logs-cloudwatch/internal/cloudwatch/client.go:365.56,367.4 1 1
github.com/openchoreo/community-modules/observability-logs-cloudwatch/internal/cloudwatch/client.go:369.2,369.41 1 1
github.com/openchoreo/community-modules/observability-logs-cloudwatch/internal/cloudwatch/client.go:375.41,377.97 2 1
github.com/openchoreo/community-modules/observability-logs-cloudwatch/internal/cloudwatch/client.go:377.97,378.37 1 1
github.com/openchoreo/community-modules/observability-logs-cloudwatch/internal/cloudwatch/client.go:378.37,379.26 1 1
github.com/openchoreo/community-modules/observability-logs-cloudwatch/internal/cloudwatch/client.go:379.26,381.5 1 0
github.com/openchoreo/community-modules/observability-logs-cloudwatch/internal/cloudwatch/client.go:382.4,382.16 1 1
github.com/openchoreo/community-modules/observability-logs-cloudwatch/internal/cloudwatch/client.go:385.2,385.15 1 1
github.com/openchoreo/community-modules/observability-logs-cloudwatch/internal/cloudwatch/queries.go:60.36,62.2 1 1
github.com/openchoreo/community-modules/observability-logs-cloudwatch/internal/cloudwatch/queries.go:65.41,67.2 1 1
github.com/openchoreo/community-modules/observability-logs-cloudwatch/internal/cloudwatch/queries.go:71.38,75.2 3 1
github.com/openchoreo/community-modules/observability-logs-cloudwatch/internal/cloudwatch/queries.go:77.43,79.2 1 1
github.com/openchoreo/community-modules/observability-logs-cloudwatch/internal/cloudwatch/queries.go:83.56,96.45 12 1
github.com/openchoreo/community-modules/observability-logs-cloudwatch/internal/cloudwatch/queries.go:96.45,98.3 1 1
github.com/openchoreo/community-modules/observability-logs-cloudwatch/internal/cloudwatch/queries.go:99.2,103.23 3 1
github.com/openchoreo/community-modules/observability-logs-cloudwatch/internal/cloudwatch/queries.go:103.23,105.3 1 1
github.com/openchoreo/community-modules/observability-logs-cloudwatch/internal/cloudwatch/queries.go:106.2,106.27 1 1
github.com/openchoreo/community-modules/observability-logs-cloudwatch/internal/cloudwatch/queries.go:106.27,108.3 1 1
github.com/openchoreo/community-modules/observability-logs-cloudwatch/internal/cloudwatch/queries.go:109.2,109.29 1 1
github.com/openchoreo/community-modules/observability-logs-cloudwatch/internal/cloudwatch/queries.go:109.29,111.37 2 1
github.com/openchoreo/community-modules/observability-logs-cloudwatch/internal/cloudwatch/queries.go:111.37,112.13 1 1
github.com/openchoreo/community-modules/observability-logs-cloudwatch/internal/cloudwatch/queries.go:112.13,114.5 1 1
github.com/openchoreo/community-modules/observability-logs-cloudwatch/internal/cloudwatch/queries.go:115.4,115.85 1 1
github.com/openchoreo/community-modules/observability-logs-cloudwatch/internal/cloudwatch/queries.go:117.3,117.22 1 1
github.com/openchoreo/community-modules/observability-logs-cloudwatch/internal/cloudwatch/queries.go:119.2,119.26 1 1
github.com/openchoreo/community-modules/observability-logs-cloudwatch/internal/cloudwatch/queries.go:119.26,121.3 1 1
github.com/openchoreo/community-modules/observability-logs-cloudwatch/internal/cloudwatch/queries.go:122.2,127.19 4 1
github.com/openchoreo/community-modules/observability-logs-cloudwatch/internal/cloudwatch/queries.go:131.54,136.29 4 1
github.com/openchoreo/community-modules/observability-logs-cloudwatch/internal/cloudwatch/queries.go:136.29,138.3 1 1
github.com/openchoreo/community-modules/observability-logs-cloudwatch/internal/cloudwatch/queries.go:139.2,139.26 1 1
github.com/openchoreo/community-modules/observability-logs-cloudwatch/internal/cloudwatch/queries.go:139.26,141.3 1 1
github.com/openchoreo/community-modules/observability-logs-cloudwatch/internal/cloudwatch/queries.go:142.2,147.19 4 1
github.com/openchoreo/community-modules/observability-logs-cloudwatch/internal/cloudwatch/queries.go:150.42,151.33 1 1
github.com/openchoreo/community-modules/observability-logs-cloudwatch/internal/cloudwatch/queries.go:151.33,153.3 1 1
github.com/openchoreo/community-modules/observability-logs-cloudwatch/internal/cloudwatch/queries.go:154.2,154.15 1 1
github.com/openchoreo/community-modules/observability-logs-cloudwatch/internal/cloudwatch/queries.go:159.31,160.12 1 1
github.com/openchoreo/community-modules/observability-logs-cloudwatch/internal/cloudwatch/queries.go:160.12,162.3 1 1
github.com/openchoreo/community-modules/observability-logs-cloudwatch/internal/cloudwatch/queries.go:163.2,163.15 1 1
github.com/openchoreo/community-modules/observability-logs-cloudwatch/internal/cloudwatch/queries.go:163.15,165.3 1 1
github.com/openchoreo/community-modules/observability-logs-cloudwatch/internal/cloudwatch/queries.go:166.2,166.10 1 1
github.com/openchoreo/community-modules/observability-logs-cloudwatch/internal/cloudwatch/queries.go:169.63,170.22 1 1
github.com/openchoreo/community-modules/observability-logs-cloudwatch/internal/cloudwatch/queries.go:170.22,172.3 1 1
github.com/openchoreo/community-modules/observability-logs-cloudwatch/internal/cloudwatch/queries.go:174.2,175.31 2 1
github.com/openchoreo/community-modules/observability-logs-cloudwatch/internal/cloudwatch/queries.go:175.31,177.18 2 1
github.com/openchoreo/community-modules/observability-logs-cloudwatch/internal/cloudwatch/queries.go:177.18,178.12 1 1
github.com/openchoreo/community-modules/observability-logs-cloudwatch/internal/cloudwatch/queries.go:180.3,181.44 2 1
github.com/openchoreo/community-modules/observability-logs-cloudwatch/internal/cloudwatch/queries.go:181.44,183.4 1 1
github.com/openchoreo/community-modules/observability-logs-cloudwatch/internal/cloudwatch/queries.go:184.3,185.81 2 1
github.com/openchoreo/community-modules/observability-logs-cloudwatch/internal/cloudwatch/queries.go:187.2,187.26 1 1
github.com/openchoreo/community-modules/observability-logs-cloudwatch/internal/cloudwatch/queries.go:187.26,189.3 1 1
github.com/openchoreo/community-modules/observability-logs-cloudwatch/internal/cloudwatch/queries.go:191.2,193.21 3 1
github.com/openchoreo/community-modules/observability-logs-cloudwatch/internal/cloudwatch/sns_verify.go:32.62,33.16 1 1
github.com/openchoreo/community-modules/observability-logs-cloudwatch/internal/cloudwatch/sns_verify.go:33.16,35.3 1 1
github.com/openchoreo/community-modules/observability-logs-cloudwatch/internal/cloudwatch/sns_verify.go:36.2,36.53 1 1
github.com/openchoreo/community-modules/observability-logs-cloudwatch/internal/cloudwatch/sns_verify.go:36.53,38.3 1 1
github.com/openchoreo/community-modules/observability-logs-cloudwatch/internal/cloudwatch/sns_verify.go:39.2,39.67 1 1
github.com/openchoreo/community-modules/observability-logs-cloudwatch/internal/cloudwatch/sns_verify.go:39.67,41.3 1 1
github.com/openchoreo/community-modules/observability-logs-cloudwatch/internal/cloudwatch/sns_verify.go:43.2,44.16 2 1
github.com/openchoreo/community-modules/observability-logs-cloudwatch/internal/cloudwatch/sns_verify.go:44.16,46.3 1 1
github.com/openchoreo/community-modules/observability-logs-cloudwatch/internal/cloudwatch/sns_verify.go:47.2,48.9 2 1
github.com/openchoreo/community-modules/observability-logs-cloudwatch/internal/cloudwatch/sns_verify.go:48.9,50.3 1 1
github.com/openchoreo/community-modules/observability-logs-cloudwatch/internal/cloudwatch/sns_verify.go:52.2,53.16 2 1
github.com/openchoreo/community-modules/observability-logs-cloudwatch/internal/cloudwatch/sns_verify.go:53.16,55.3 1 1
github.com/openchoreo/community-modules/observability-logs-cloudwatch/internal/cloudwatch/sns_verify.go:57.2,58.16 2 1
github.com/openchoreo/community-modules/observability-logs-cloudwatch/internal/cloudwatch/sns_verify.go:58.16,60.3 1 0
github.com/openchoreo/community-modules/observability-logs-cloudwatch/internal/cloudwatch/sns_verify.go:62.2,62.30 1 1
github.com/openchoreo/community-modules/observability-logs-cloudwatch/internal/cloudwatch/sns_verify.go:63.15,65.60 2 1
github.com/openchoreo/community-modules/observability-logs-cloudwatch/internal/cloudwatch/sns_verify.go:66.11,68.62 2 0
github.com/openchoreo/community-modules/observability-logs-cloudwatch/internal/cloudwatch/sns_verify.go:69.10,70.81 1 1
github.com/openchoreo/community-modules/observability-logs-cloudwatch/internal/cloudwatch/sns_verify.go:74.47,76.16 2 1
github.com/openchoreo/community-modules/observability-logs-cloudwatch/internal/cloudwatch/sns_verify.go:76.16,78.3 1 0
github.com/openchoreo/community-modules/observability-logs-cloudwatch/internal/cloudwatch/sns_verify.go:79.2,79.25 1 1
github.com/openchoreo/community-modules/observability-logs-cloudwatch/internal/cloudwatch/sns_verify.go:79.25,81.3 1 1
github.com/openchoreo/community-modules/observability-logs-cloudwatch/internal/cloudwatch/sns_verify.go:82.2,83.135 2 1
github.com/openchoreo/community-modules/observability-logs-cloudwatch/internal/cloudwatch/sns_verify.go:83.135,85.3 1 1
github.com/openchoreo/community-modules/observability-logs-cloudwatch/internal/cloudwatch/sns_verify.go:86.2,86.12 1 1
github.com/openchoreo/community-modules/observability-logs-cloudwatch/internal/cloudwatch/sns_verify.go:89.66,90.47 1 1
github.com/openchoreo/community-modules/observability-logs-cloudwatch/internal/cloudwatch/sns_verify.go:90.47,92.3 1 1
github.com/openchoreo/community-modules/observability-logs-cloudwatch/internal/cloudwatch/sns_verify.go:94.2,96.16 3 1
github.com/openchoreo/community-modules/observability-logs-cloudwatch/internal/cloudwatch/sns_verify.go:96.16,98.3 1 0
github.com/openchoreo/community-modules/observability-logs-cloudwatch/internal/cloudwatch/sns_verify.go:99.2,100.16 2 1
github.com/openchoreo/community-modules/observability-logs-cloudwatch/internal/cloudwatch/sns_verify.go:100.16,102.3 1 0
github.com/openchoreo/community-modules/observability-logs-cloudwatch/internal/cloudwatch/sns_verify.go:103.2,104.28 2 1
github.com/openchoreo/community-modules/observability-logs-cloudwatch/internal/cloudwatch/sns_verify.go:104.28,106.3 1 1
github.com/openchoreo/community-modules/observability-logs-cloudwatch/internal/cloudwatch/sns_verify.go:107.2,108.16 2 1
github.com/openchoreo/community-modules/observability-logs-cloudwatch/internal/cloudwatch/sns_verify.go:108.16,110.3 1 0
github.com/openchoreo/community-modules/observability-logs-cloudwatch/internal/cloudwatch/sns_verify.go:111.2,112.18 2 1
github.com/openchoreo/community-modules/observability-logs-cloudwatch/internal/cloudwatch/sns_verify.go:112.18,114.3 1 1
github.com/openchoreo/community-modules/observability-logs-cloudwatch/internal/cloudwatch/sns_verify.go:115.2,116.16 2 1
github.com/openchoreo/community-modules/observability-logs-cloudwatch/internal/cloudwatch/sns_verify.go:116.16,118.3 1 0
github.com/openchoreo/community-modules/observability-logs-cloudwatch/internal/cloudwatch/sns_verify.go:119.2,120.18 2 1
github.com/openchoreo/community-modules/observability-logs-cloudwatch/internal/cloudwatch/sns_verify.go:126.74,127.51 1 1
github.com/openchoreo/community-modules/observability-logs-cloudwatch/internal/cloudwatch/sns_verify.go:127.51,129.3 1 1
github.com/openchoreo/community-modules/observability-logs-cloudwatch/internal/cloudwatch/sns_verify.go:130.2,131.26 2 1
github.com/openchoreo/community-modules/observability-logs-cloudwatch/internal/cloudwatch/sns_verify.go:132.61,133.48 1 1
github.com/openchoreo/community-modules/observability-logs-cloudwatch/internal/cloudwatch/sns_verify.go:133.48,135.4 1 1
github.com/openchoreo/community-modules/observability-logs-cloudwatch/internal/cloudwatch/sns_verify.go:136.3,142.43 7 1
github.com/openchoreo/community-modules/observability-logs-cloudwatch/internal/cloudwatch/sns_verify.go:143.22,146.24 3 1
github.com/openchoreo/community-modules/observability-logs-cloudwatch/internal/cloudwatch/sns_verify.go:146.24,148.4 1 1
github.com/openchoreo/community-modules/observability-logs-cloudwatch/internal/cloudwatch/sns_verify.go:149.3,151.43 3 1
github.com/openchoreo/community-modules/observability-logs-cloudwatch/internal/cloudwatch/sns_verify.go:152.10,153.74 1 1
github.com/openchoreo/community-modules/observability-logs-cloudwatch/internal/cloudwatch/sns_verify.go:155.2,155.24 1 1
github.com/openchoreo/community-modules/observability-logs-cloudwatch/internal/cloudwatch/sns_verify.go:158.56,163.2 4 1
github.com/openchoreo/community-modules/observability-logs-cloudwatch/internal/cloudwatch/webhook.go:44.64,58.51 2 1
github.com/openchoreo/community-modules/observability-logs-cloudwatch/internal/cloudwatch/webhook.go:58.51,60.3 1 1
github.com/openchoreo/community-modules/observability-logs-cloudwatch/internal/cloudwatch/webhook.go:61.2,74.18 2 1
github.com/openchoreo/community-modules/observability-logs-cloudwatch/internal/cloudwatch/webhook.go:75.61,77.18 2 1
github.com/openchoreo/community-modules/observability-logs-cloudwatch/internal/cloudwatch/webhook.go:78.22,80.17 2 1
github.com/openchoreo/community-modules/observability-logs-cloudwatch/internal/cloudwatch/webhook.go:80.17,82.4 1 1
github.com/openchoreo/community-modules/observability-logs-cloudwatch/internal/cloudwatch/webhook.go:83.3,84.18 2 1
github.com/openchoreo/community-modules/observability-logs-cloudwatch/internal/cloudwatch/webhook.go:85.10,86.71 1 1
github.com/openchoreo/community-modules/observability-logs-cloudwatch/internal/cloudwatch/webhook.go:91.84,102.62 2 1
github.com/openchoreo/community-modules/observability-logs-cloudwatch/internal/cloudwatch/webhook.go:102.62,104.3 1 1
github.com/openchoreo/community-modules/observability-logs-cloudwatch/internal/cloudwatch/webhook.go:105.2,113.88 4 1
github.com/openchoreo/community-modules/observability-logs-cloudwatch/internal/cloudwatch/webhook.go:113.88,116.3 2 1
github.com/openchoreo/community-modules/observability-logs-cloudwatch/internal/cloudwatch/webhook.go:117.2,117.17 1 1
github.com/openchoreo/community-modules/observability-logs-cloudwatch/internal/cloudwatch/webhook.go:122.68,146.51 2 1
github.com/openchoreo/community-modules/observability-logs-cloudwatch/internal/cloudwatch/webhook.go:146.51,148.3 1 1
github.com/openchoreo/community-modules/observability-logs-cloudwatch/internal/cloudwatch/webhook.go:149.2,149.56 1 1
github.com/openchoreo/community-modules/observability-logs-cloudwatch/internal/cloudwatch/webhook.go:149.56,151.3 1 1
github.com/openchoreo/community-modules/observability-logs-cloudwatch/internal/cloudwatch/webhook.go:153.2,154.16 2 1
github.com/openchoreo/community-modules/observability-logs-cloudwatch/internal/cloudwatch/webhook.go:154.16,156.3 1 0
github.com/openchoreo/community-modules/observability-logs-cloudwatch/internal/cloudwatch/webhook.go:158.2,165.95 3 1
github.com/openchoreo/community-modules/observability-logs-cloudwatch/internal/cloudwatch/webhook.go:165.95,168.3 2 1
github.com/openchoreo/community-modules/observability-logs-cloudwatch/internal/cloudwatch/webhook.go:169.2,169.20 1 1
github.com/openchoreo/community-modules/observability-logs-cloudwatch/internal/cloudwatch/webhook.go:175.72,184.51 2 1
github.com/openchoreo/community-modules/observability-logs-cloudwatch/internal/cloudwatch/webhook.go:184.51,186.3 1 1
github.com/openchoreo/community-modules/observability-logs-cloudwatch/internal/cloudwatch/webhook.go:187.2,187.47 1 1
github.com/openchoreo/community-modules/observability-logs-cloudwatch/internal/cloudwatch/webhook.go:187.47,189.3 1 1
github.com/openchoreo/community-modules/observability-logs-cloudwatch/internal/cloudwatch/webhook.go:190.2,191.30 2 1
github.com/openchoreo/community-modules/observability-logs-cloudwatch/internal/cloudwatch/webhook.go:191.30,192.78 1 1
github.com/openchoreo/community-modules/observability-logs-cloudwatch/internal/cloudwatch/webhook.go:192.78,194.4 1 1
github.com/openchoreo/community-modules/observability-logs-cloudwatch/internal/cloudwatch/webhook.go:196.2,203.8 1 1
github.com/openchoreo/community-modules/observability-logs-cloudwatch/internal/cloudwatch/webhook.go:208.70,209.16 1 1
github.com/openchoreo/community-modules/observability-logs-cloudwatch/internal/cloudwatch/webhook.go:209.16,211.3 1 1
github.com/openchoreo/community-modules/observability-logs-cloudwatch/internal/cloudwatch/webhook.go:212.2,212.47 1 1
github.com/openchoreo/community-modules/observability-logs-cloudwatch/internal/cloudwatch/webhook.go:212.47,214.3 1 1
github.com/openchoreo/community-modules/observability-logs-cloudwatch/internal/cloudwatch/webhook.go:215.2,215.52 1 1
github.com/openchoreo/community-modules/observability-logs-cloudwatch/internal/cloudwatch/webhook.go:215.52,217.3 1 1
github.com/openchoreo/community-modules/observability-logs-cloudwatch/internal/cloudwatch/webhook.go:222.56,226.48 3 1
github.com/openchoreo/community-modules/observability-logs-cloudwatch/internal/cloudwatch/webhook.go:226.48,228.3 1 1
github.com/openchoreo/community-modules/observability-logs-cloudwatch/internal/cloudwatch/webhook.go:229.2,231.54 3 1
github.com/openchoreo/community-modules/observability-logs-cloudwatch/internal/cloudwatch/webhook.go:231.54,233.3 1 1
github.com/openchoreo/community-modules/observability-logs-cloudwatch/internal/cloudwatch/webhook.go:234.2,234.10 1 0
github.com/openchoreo/community-modules/observability-logs-cloudwatch/internal/cloudwatch/webhook.go:239.64,240.41 1 1
github.com/openchoreo/community-modules/observability-logs-cloudwatch/internal/cloudwatch/webhook.go:240.41,242.3 1 0
github.com/openchoreo/community-modules/observability-logs-cloudwatch/internal/cloudwatch/webhook.go:243.2,246.64 2 1
github.com/openchoreo/community-modules/observability-logs-cloudwatch/internal/cloudwatch/webhook.go:246.64,248.3 1 1
github.com/openchoreo/community-modules/observability-logs-cloudwatch/internal/cloudwatch/webhook.go:249.2,249.35 1 1
github.com/openchoreo/community-modules/observability-logs-cloudwatch/internal/cloudwatch/webhook.go:249.35,251.3 1 0
github.com/openchoreo/community-modules/observability-logs-cloudwatch/internal/cloudwatch/webhook.go:252.2,252.56 1 1
github.com/openchoreo/community-modules/observability-logs-cloudwatch/internal/cloudwatch/webhook.go:255.59,256.48 1 1
github.com/openchoreo/community-modules/observability-logs-cloudwatch/internal/cloudwatch/webhook.go:256.48,257.14 1 1
github.com/openchoreo/community-modules/observability-logs-cloudwatch/internal/cloudwatch/webhook.go:257.14,258.12 1 1
github.com/openchoreo/community-modules/observability-logs-cloudwatch/internal/cloudwatch/webhook.go:260.3,260.60 1 1
github.com/openchoreo/community-modules/observability-logs-cloudwatch/internal/cloudwatch/webhook.go:260.60,262.4 1 1
github.com/openchoreo/community-modules/observability-logs-cloudwatch/internal/cloudwatch/webhook.go:263.3,263.56 1 1
github.com/openchoreo/community-modules/observability-logs-cloudwatch/internal/cloudwatch/webhook.go:263.56,265.4 1 0
github.com/openchoreo/community-modules/observability-logs-cloudwatch/internal/cloudwatch/webhook.go:266.3,266.74 1 1
github.com/openchoreo/community-modules/observability-logs-cloudwatch/internal/cloudwatch/webhook.go:266.74,268.4 1 0
github.com/openchoreo/community-modules/observability-logs-cloudwatch/internal/cloudwatch/webhook.go:270.2,270.25 1 1
